#
# A fatal error has been detected by the Java Runtime Environment:
#
#  EXCEPTION_ACCESS_VIOLATION (0xc0000005) at pc=0x00007fff884f05ba, pid=7668, tid=5084
#
# JRE version: OpenJDK Runtime Environment Microsoft-40648 (11.0.16.1+1) (build 11.0.16.1+1-LTS)
# Java VM: OpenJDK 64-Bit Server VM Microsoft-40648 (11.0.16.1+1-LTS, mixed mode, tiered, compressed oops, g1 gc, windows-amd64)
# Problematic frame:
# C  [lwjgl_opengl.dll+0x105ba]
#
# No core dump will be written. Minidumps are not enabled by default on client versions of Windows
#
# If you would like to submit a bug report, please visit:
#   https://github.com/microsoft/openjdk/issues
# The crash happened outside the Java Virtual Machine in native code.
# See problematic frame for where to report the bug.
#

---------------  S U M M A R Y ------------

Command Line: -Dfile.encoding=UTF-8 -Duser.country=US -Duser.language=en -Duser.variant -ea Main java.library.path=libs

Host: 11th Gen Intel(R) Core(TM) i5-1135G7 @ 2.40GHz, 8 cores, 7G,  Windows 11 , 64 bit Build 26100 (10.0.26100.3323)
Time: Sun Mar 23 16:35:11 2025 India Standard Time elapsed time: 0.879191 seconds (0d 0h 0m 0s)

---------------  T H R E A D  ---------------

Current thread (0x0000026117263000):  JavaThread "main" [_thread_in_native, id=5084, stack(0x000000f438100000,0x000000f438200000)]

Stack: [0x000000f438100000,0x000000f438200000],  sp=0x000000f4381ff408,  free space=1021k
Native frames: (J=compiled Java code, j=interpreted, Vv=VM code, C=native code)
C  [lwjgl_opengl.dll+0x105ba]

Java frames: (J=compiled Java code, j=interpreted, Vv=VM code)
j  org.lwjgl.opengl.GL30C.nglGenFramebuffers(IJ)V+0
j  org.lwjgl.opengl.GL30C.glGenFramebuffers()I+20
j  org.lwjgl.opengl.GL30.glGenFramebuffers()I+0
j  renderer.FrameBuffer.<init>(II)V+15
j  jade.Window.<init>(Ljade/ImGuiLayer;)V+92
j  jade.Window.get()Ljade/Window;+17
j  Main.main([Ljava/lang/String;)V+0
v  ~StubRoutines::call_stub

siginfo: EXCEPTION_ACCESS_VIOLATION (0xc0000005), reading address 0x00000000000012e8


Register to memory mapping:

RIP=0x00007fff884f05ba lwjgl_opengl.dll
RAX=0x0 is NULL
RBX={method} {0x000002613a2dd9c8} 'nglGenFramebuffers' '(IJ)V' in 'org/lwjgl/opengl/GL30C'
RCX=0x0000026117263348 points into unknown readable memory: 0x00000261392a0810 | 10 08 2a 39 61 02 00 00
RDX=0x00000261386b422c points into unknown readable memory: 00 00 00 00
RSP=0x000000f4381ff408 is pointing into the stack for thread: 0x0000026117263000
RBP=0x000000f4381ff498 is pointing into the stack for thread: 0x0000026117263000
RSI=0x000002613a2c12d8 is pointing into metadata
RDI=0x000002611fa69fd0 is at code_begin+1040 in an Interpreter codelet
invoke return entry points  [0x000002611fa69bc0, 0x000002611fa6a5a0]  2528 bytes
R8 =0x0000000000000001 is an unknown value
R9 =0x00000261386b422c points into unknown readable memory: 00 00 00 00
R10=0x000002611fa6f6a8 is at code_begin+1000 in an Interpreter codelet
method entry point (kind = native)  [0x000002611fa6f2c0, 0x000002611fa6fd60]  2720 bytes
R11=0x000000008d112360 is an oop: java.lang.Class 
{0x000000008d112360} - klass: 'java/lang/Class'
R12=0x0 is NULL
R13={method} {0x000002613a2dd9c8} 'nglGenFramebuffers' '(IJ)V' in 'org/lwjgl/opengl/GL30C'
R14=0x000000f4381ff4c8 is pointing into the stack for thread: 0x0000026117263000
R15=0x0000026117263000 is a thread


Registers:
RAX=0x0000000000000000, RBX=0x000002613a2dd9c0, RCX=0x0000026117263348, RDX=0x00000261386b422c
RSP=0x000000f4381ff408, RBP=0x000000f4381ff498, RSI=0x000002613a2c12d8, RDI=0x000002611fa69fd0
R8 =0x0000000000000001, R9 =0x00000261386b422c, R10=0x000002611fa6f6a8, R11=0x000000008d112360
R12=0x0000000000000000, R13=0x000002613a2dd9c0, R14=0x000000f4381ff4c8, R15=0x0000026117263000
RIP=0x00007fff884f05ba, EFLAGS=0x0000000000010206

Top of Stack: (sp=0x000000f4381ff408)
0x000000f4381ff408:   000002611fa6f6d7 000002611fa69fd0
0x000000f4381ff418:   000002611fa6f3bc 000002613a2dd9c0
0x000000f4381ff428:   000000f4381ff498 000002613a2c12d8
0x000000f4381ff438:   000000f4381ff4b0 000002611fa69fd0
0x000000f4381ff448:   000002611fa6f376 000000f4381ff450
0x000000f4381ff458:   000002613a2dd9c0 000000f4381ff4c8
0x000000f4381ff468:   000002613a316bf0 0000000000000000
0x000000f4381ff478:   000000008d112360 000002613a2dd9c0
0x000000f4381ff488:   0000000000000000 000000f4381ff4b8
0x000000f4381ff498:   000000f4381ff518 000002611fa6a4c3
0x000000f4381ff4a8:   000000008d112360 000002611fa6c698
0x000000f4381ff4b8:   00000261386b422c 0000000000000000
0x000000f4381ff4c8:   0000000000000001 000000f4381ff4d0
0x000000f4381ff4d8:   000002613a2ddb44 000000f4381ff548
0x000000f4381ff4e8:   000002613a316bf0 0000000000000000
0x000000f4381ff4f8:   000000008d112360 000002613a2ddbb0 

Instructions: (pc=0x00007fff884f05ba)
0x00007fff884f04ba:   cc cc cc cc cc cc 44 89 ca 44 89 c0 44 8b 44 24
0x00007fff884f04ca:   28 44 8b 4c 24 30 48 8b 09 48 8b 49 18 4c 8b 91
0x00007fff884f04da:   b8 12 00 00 89 c1 49 ff e2 cc cc cc cc cc cc cc
0x00007fff884f04ea:   cc cc cc cc cc cc 48 83 ec 28 44 89 ca 44 89 c0
0x00007fff884f04fa:   44 8b 44 24 50 44 8b 4c 24 58 44 8b 54 24 60 48
0x00007fff884f050a:   8b 09 4c 8b 59 18 44 89 54 24 20 89 c1 41 ff 93
0x00007fff884f051a:   c0 12 00 00 90 48 83 c4 28 c3 cc cc cc cc cc cc
0x00007fff884f052a:   cc cc cc cc cc cc 44 89 ca 44 89 c0 4c 8b 44 24
0x00007fff884f053a:   28 48 8b 09 48 8b 49 18 4c 8b 89 c8 12 00 00 89
0x00007fff884f054a:   c1 49 ff e1 cc cc 48 8b 01 48 8b 40 18 44 89 c1
0x00007fff884f055a:   48 ff a0 d0 12 00 00 cc cc cc cc cc cc cc cc cc
0x00007fff884f056a:   cc cc cc cc cc cc 44 89 ca 48 8b 01 48 8b 40 18
0x00007fff884f057a:   48 8b 80 d8 12 00 00 44 89 c1 48 ff e0 cc cc cc
0x00007fff884f058a:   cc cc cc cc cc cc 4c 89 ca 48 8b 01 48 8b 40 18
0x00007fff884f059a:   48 8b 80 e0 12 00 00 44 89 c1 48 ff e0 cc cc cc
0x00007fff884f05aa:   cc cc cc cc cc cc 4c 89 ca 48 8b 01 48 8b 40 18
0x00007fff884f05ba:   48 8b 80 e8 12 00 00 44 89 c1 48 ff e0 cc cc cc
0x00007fff884f05ca:   cc cc cc cc cc cc 48 8b 01 48 8b 40 18 44 89 c1
0x00007fff884f05da:   48 ff a0 f0 12 00 00 cc cc cc cc cc cc cc cc cc
0x00007fff884f05ea:   cc cc cc cc cc cc 48 83 ec 28 44 89 ca 44 89 c0
0x00007fff884f05fa:   44 8b 44 24 50 44 8b 4c 24 58 44 8b 54 24 60 48
0x00007fff884f060a:   8b 09 4c 8b 59 18 44 89 54 24 20 89 c1 41 ff 93
0x00007fff884f061a:   f8 12 00 00 90 48 83 c4 28 c3 cc cc cc cc cc cc
0x00007fff884f062a:   cc cc cc cc cc cc 48 83 ec 28 44 89 ca 44 89 c0
0x00007fff884f063a:   44 8b 44 24 50 44 8b 4c 24 58 44 8b 54 24 60 48
0x00007fff884f064a:   8b 09 4c 8b 59 18 44 89 54 24 20 89 c1 41 ff 93
0x00007fff884f065a:   00 13 00 00 90 48 83 c4 28 c3 cc cc cc cc cc cc
0x00007fff884f066a:   cc cc cc cc cc cc 56 48 83 ec 30 44 89 ca 44 89
0x00007fff884f067a:   c0 44 8b 44 24 60 44 8b 4c 24 68 44 8b 54 24 70
0x00007fff884f068a:   44 8b 5c 24 78 48 8b 09 48 8b 71 18 44 89 5c 24
0x00007fff884f069a:   28 44 89 54 24 20 89 c1 ff 96 08 13 00 00 90 48
0x00007fff884f06aa:   83 c4 30 5e c3 cc 48 83 ec 28 44 89 ca 44 89 c0 


Stack slot to memory mapping:
stack at sp + 0 slots: 0x000002611fa6f6d7 is at code_begin+1047 in an Interpreter codelet
method entry point (kind = native)  [0x000002611fa6f2c0, 0x000002611fa6fd60]  2720 bytes
stack at sp + 1 slots: 0x000002611fa69fd0 is at code_begin+1040 in an Interpreter codelet
invoke return entry points  [0x000002611fa69bc0, 0x000002611fa6a5a0]  2528 bytes
stack at sp + 2 slots: 0x000002611fa6f3bc is at code_begin+252 in an Interpreter codelet
method entry point (kind = native)  [0x000002611fa6f2c0, 0x000002611fa6fd60]  2720 bytes
stack at sp + 3 slots: {method} {0x000002613a2dd9c8} 'nglGenFramebuffers' '(IJ)V' in 'org/lwjgl/opengl/GL30C'
stack at sp + 4 slots: 0x000000f4381ff498 is pointing into the stack for thread: 0x0000026117263000
stack at sp + 5 slots: 0x000002613a2c12d8 is pointing into metadata
stack at sp + 6 slots: 0x000000f4381ff4b0 is pointing into the stack for thread: 0x0000026117263000
stack at sp + 7 slots: 0x000002611fa69fd0 is at code_begin+1040 in an Interpreter codelet
invoke return entry points  [0x000002611fa69bc0, 0x000002611fa6a5a0]  2528 bytes


---------------  P R O C E S S  ---------------

Threads class SMR info:
_java_thread_list=0x0000026137d2e3d0, length=12, elements={
0x0000026117263000, 0x0000026136818000, 0x000002613681e000, 0x000002613718a800,
0x000002613718b800, 0x000002613718c800, 0x000002613718f800, 0x00000261371af000,
0x00000261371ba000, 0x0000026137327800, 0x00000261375cd000, 0x0000026137d2b800
}

Java Threads: ( => current thread )
=>0x0000026117263000 JavaThread "main" [_thread_in_native, id=5084, stack(0x000000f438100000,0x000000f438200000)]
  0x0000026136818000 JavaThread "Reference Handler" daemon [_thread_blocked, id=10536, stack(0x000000f438800000,0x000000f438900000)]
  0x000002613681e000 JavaThread "Finalizer" daemon [_thread_blocked, id=15968, stack(0x000000f438900000,0x000000f438a00000)]
  0x000002613718a800 JavaThread "Signal Dispatcher" daemon [_thread_blocked, id=15300, stack(0x000000f438a00000,0x000000f438b00000)]
  0x000002613718b800 JavaThread "Attach Listener" daemon [_thread_blocked, id=10580, stack(0x000000f438b00000,0x000000f438c00000)]
  0x000002613718c800 JavaThread "Service Thread" daemon [_thread_blocked, id=19760, stack(0x000000f438c00000,0x000000f438d00000)]
  0x000002613718f800 JavaThread "C2 CompilerThread0" daemon [_thread_blocked, id=10592, stack(0x000000f438d00000,0x000000f438e00000)]
  0x00000261371af000 JavaThread "C1 CompilerThread0" daemon [_thread_blocked, id=18652, stack(0x000000f438e00000,0x000000f438f00000)]
  0x00000261371ba000 JavaThread "Sweeper thread" daemon [_thread_blocked, id=8164, stack(0x000000f438f00000,0x000000f439000000)]
  0x0000026137327800 JavaThread "Common-Cleaner" daemon [_thread_blocked, id=3504, stack(0x000000f439100000,0x000000f439200000)]
  0x00000261375cd000 JavaThread "C2 CompilerThread1" daemon [_thread_blocked, id=10696, stack(0x000000f439200000,0x000000f439300000)]
  0x0000026137d2b800 JavaThread "C2 CompilerThread2" daemon [_thread_blocked, id=4544, stack(0x000000f439300000,0x000000f439400000)]

Other Threads:
  0x0000026136815000 VMThread "VM Thread" [stack: 0x000000f438700000,0x000000f438800000] [id=19608]
  0x0000026137316800 WatcherThread [stack: 0x000000f439000000,0x000000f439100000] [id=1332]
  0x000002611727e000 GCTaskThread "GC Thread#0" [stack: 0x000000f438200000,0x000000f438300000] [id=18260]
  0x0000026137ccc000 GCTaskThread "GC Thread#1" [stack: 0x000000f439400000,0x000000f439500000] [id=17988]
  0x00000261172af000 ConcurrentGCThread "G1 Main Marker" [stack: 0x000000f438300000,0x000000f438400000] [id=13200]
  0x00000261172b6800 ConcurrentGCThread "G1 Conc#0" [stack: 0x000000f438400000,0x000000f438500000] [id=1388]
  0x00000261172b0000 ConcurrentGCThread "G1 Refine#0" [stack: 0x000000f438500000,0x000000f438600000] [id=5984]
  0x000002613664c800 ConcurrentGCThread "G1 Young RemSet Sampling" [stack: 0x000000f438600000,0x000000f438700000] [id=11052]

Threads with active compile tasks:

VM state:not at safepoint (normal execution)

VM Mutex/Monitor currently owned by a thread: None

Heap address: 0x0000000085a00000, size: 1958 MB, Compressed Oops mode: 32-bit
Narrow klass base: 0x0000000000000000, Narrow klass shift: 3
Compressed class space size: 1073741824 Address: 0x0000000100000000

Heap:
 garbage-first heap   total 126976K, used 7261K [0x0000000085a00000, 0x0000000100000000)
  region size 1024K, 8 young (8192K), 3 survivors (3072K)
 Metaspace       used 14461K, capacity 14813K, committed 14976K, reserved 1062912K
  class space    used 1442K, capacity 1589K, committed 1664K, reserved 1048576K
Heap Regions: E=young(eden), S=young(survivor), O=old, HS=humongous(starts), HC=humongous(continues), CS=collection set, F=free, A=archive, TAMS=top-at-mark-start (previous, next)
|   0|0x0000000085a00000, 0x0000000085a17400, 0x0000000085b00000|  9%| O|  |TAMS 0x0000000085a00000, 0x0000000085a00000| Untracked 
|   1|0x0000000085b00000, 0x0000000085b00000, 0x0000000085c00000|  0%| F|  |TAMS 0x0000000085b00000, 0x0000000085b00000| Untracked 
|   2|0x0000000085c00000, 0x0000000085c00000, 0x0000000085d00000|  0%| F|  |TAMS 0x0000000085c00000, 0x0000000085c00000| Untracked 
|   3|0x0000000085d00000, 0x0000000085d00000, 0x0000000085e00000|  0%| F|  |TAMS 0x0000000085d00000, 0x0000000085d00000| Untracked 
|   4|0x0000000085e00000, 0x0000000085e00000, 0x0000000085f00000|  0%| F|  |TAMS 0x0000000085e00000, 0x0000000085e00000| Untracked 
|   5|0x0000000085f00000, 0x0000000085f00000, 0x0000000086000000|  0%| F|  |TAMS 0x0000000085f00000, 0x0000000085f00000| Untracked 
|   6|0x0000000086000000, 0x0000000086000000, 0x0000000086100000|  0%| F|  |TAMS 0x0000000086000000, 0x0000000086000000| Untracked 
|   7|0x0000000086100000, 0x0000000086100000, 0x0000000086200000|  0%| F|  |TAMS 0x0000000086100000, 0x0000000086100000| Untracked 
|   8|0x0000000086200000, 0x0000000086200000, 0x0000000086300000|  0%| F|  |TAMS 0x0000000086200000, 0x0000000086200000| Untracked 
|   9|0x0000000086300000, 0x0000000086300000, 0x0000000086400000|  0%| F|  |TAMS 0x0000000086300000, 0x0000000086300000| Untracked 
|  10|0x0000000086400000, 0x0000000086400000, 0x0000000086500000|  0%| F|  |TAMS 0x0000000086400000, 0x0000000086400000| Untracked 
|  11|0x0000000086500000, 0x0000000086500000, 0x0000000086600000|  0%| F|  |TAMS 0x0000000086500000, 0x0000000086500000| Untracked 
|  12|0x0000000086600000, 0x0000000086600000, 0x0000000086700000|  0%| F|  |TAMS 0x0000000086600000, 0x0000000086600000| Untracked 
|  13|0x0000000086700000, 0x0000000086700000, 0x0000000086800000|  0%| F|  |TAMS 0x0000000086700000, 0x0000000086700000| Untracked 
|  14|0x0000000086800000, 0x0000000086800000, 0x0000000086900000|  0%| F|  |TAMS 0x0000000086800000, 0x0000000086800000| Untracked 
|  15|0x0000000086900000, 0x0000000086900000, 0x0000000086a00000|  0%| F|  |TAMS 0x0000000086900000, 0x0000000086900000| Untracked 
|  16|0x0000000086a00000, 0x0000000086a00000, 0x0000000086b00000|  0%| F|  |TAMS 0x0000000086a00000, 0x0000000086a00000| Untracked 
|  17|0x0000000086b00000, 0x0000000086b00000, 0x0000000086c00000|  0%| F|  |TAMS 0x0000000086b00000, 0x0000000086b00000| Untracked 
|  18|0x0000000086c00000, 0x0000000086c00000, 0x0000000086d00000|  0%| F|  |TAMS 0x0000000086c00000, 0x0000000086c00000| Untracked 
|  19|0x0000000086d00000, 0x0000000086d00000, 0x0000000086e00000|  0%| F|  |TAMS 0x0000000086d00000, 0x0000000086d00000| Untracked 
|  20|0x0000000086e00000, 0x0000000086e00000, 0x0000000086f00000|  0%| F|  |TAMS 0x0000000086e00000, 0x0000000086e00000| Untracked 
|  21|0x0000000086f00000, 0x0000000086f00000, 0x0000000087000000|  0%| F|  |TAMS 0x0000000086f00000, 0x0000000086f00000| Untracked 
|  22|0x0000000087000000, 0x0000000087000000, 0x0000000087100000|  0%| F|  |TAMS 0x0000000087000000, 0x0000000087000000| Untracked 
|  23|0x0000000087100000, 0x0000000087100000, 0x0000000087200000|  0%| F|  |TAMS 0x0000000087100000, 0x0000000087100000| Untracked 
|  24|0x0000000087200000, 0x0000000087200000, 0x0000000087300000|  0%| F|  |TAMS 0x0000000087200000, 0x0000000087200000| Untracked 
|  25|0x0000000087300000, 0x0000000087300000, 0x0000000087400000|  0%| F|  |TAMS 0x0000000087300000, 0x0000000087300000| Untracked 
|  26|0x0000000087400000, 0x0000000087400000, 0x0000000087500000|  0%| F|  |TAMS 0x0000000087400000, 0x0000000087400000| Untracked 
|  27|0x0000000087500000, 0x0000000087500000, 0x0000000087600000|  0%| F|  |TAMS 0x0000000087500000, 0x0000000087500000| Untracked 
|  28|0x0000000087600000, 0x0000000087600000, 0x0000000087700000|  0%| F|  |TAMS 0x0000000087600000, 0x0000000087600000| Untracked 
|  29|0x0000000087700000, 0x0000000087700000, 0x0000000087800000|  0%| F|  |TAMS 0x0000000087700000, 0x0000000087700000| Untracked 
|  30|0x0000000087800000, 0x0000000087800000, 0x0000000087900000|  0%| F|  |TAMS 0x0000000087800000, 0x0000000087800000| Untracked 
|  31|0x0000000087900000, 0x0000000087900000, 0x0000000087a00000|  0%| F|  |TAMS 0x0000000087900000, 0x0000000087900000| Untracked 
|  32|0x0000000087a00000, 0x0000000087a00000, 0x0000000087b00000|  0%| F|  |TAMS 0x0000000087a00000, 0x0000000087a00000| Untracked 
|  33|0x0000000087b00000, 0x0000000087b00000, 0x0000000087c00000|  0%| F|  |TAMS 0x0000000087b00000, 0x0000000087b00000| Untracked 
|  34|0x0000000087c00000, 0x0000000087c00000, 0x0000000087d00000|  0%| F|  |TAMS 0x0000000087c00000, 0x0000000087c00000| Untracked 
|  35|0x0000000087d00000, 0x0000000087d00000, 0x0000000087e00000|  0%| F|  |TAMS 0x0000000087d00000, 0x0000000087d00000| Untracked 
|  36|0x0000000087e00000, 0x0000000087e00000, 0x0000000087f00000|  0%| F|  |TAMS 0x0000000087e00000, 0x0000000087e00000| Untracked 
|  37|0x0000000087f00000, 0x0000000087f00000, 0x0000000088000000|  0%| F|  |TAMS 0x0000000087f00000, 0x0000000087f00000| Untracked 
|  38|0x0000000088000000, 0x0000000088000000, 0x0000000088100000|  0%| F|  |TAMS 0x0000000088000000, 0x0000000088000000| Untracked 
|  39|0x0000000088100000, 0x0000000088100000, 0x0000000088200000|  0%| F|  |TAMS 0x0000000088100000, 0x0000000088100000| Untracked 
|  40|0x0000000088200000, 0x0000000088200000, 0x0000000088300000|  0%| F|  |TAMS 0x0000000088200000, 0x0000000088200000| Untracked 
|  41|0x0000000088300000, 0x0000000088300000, 0x0000000088400000|  0%| F|  |TAMS 0x0000000088300000, 0x0000000088300000| Untracked 
|  42|0x0000000088400000, 0x0000000088400000, 0x0000000088500000|  0%| F|  |TAMS 0x0000000088400000, 0x0000000088400000| Untracked 
|  43|0x0000000088500000, 0x0000000088500000, 0x0000000088600000|  0%| F|  |TAMS 0x0000000088500000, 0x0000000088500000| Untracked 
|  44|0x0000000088600000, 0x0000000088600000, 0x0000000088700000|  0%| F|  |TAMS 0x0000000088600000, 0x0000000088600000| Untracked 
|  45|0x0000000088700000, 0x0000000088700000, 0x0000000088800000|  0%| F|  |TAMS 0x0000000088700000, 0x0000000088700000| Untracked 
|  46|0x0000000088800000, 0x0000000088800000, 0x0000000088900000|  0%| F|  |TAMS 0x0000000088800000, 0x0000000088800000| Untracked 
|  47|0x0000000088900000, 0x0000000088900000, 0x0000000088a00000|  0%| F|  |TAMS 0x0000000088900000, 0x0000000088900000| Untracked 
|  48|0x0000000088a00000, 0x0000000088a00000, 0x0000000088b00000|  0%| F|  |TAMS 0x0000000088a00000, 0x0000000088a00000| Untracked 
|  49|0x0000000088b00000, 0x0000000088b00000, 0x0000000088c00000|  0%| F|  |TAMS 0x0000000088b00000, 0x0000000088b00000| Untracked 
|  50|0x0000000088c00000, 0x0000000088c00000, 0x0000000088d00000|  0%| F|  |TAMS 0x0000000088c00000, 0x0000000088c00000| Untracked 
|  51|0x0000000088d00000, 0x0000000088d00000, 0x0000000088e00000|  0%| F|  |TAMS 0x0000000088d00000, 0x0000000088d00000| Untracked 
|  52|0x0000000088e00000, 0x0000000088e00000, 0x0000000088f00000|  0%| F|  |TAMS 0x0000000088e00000, 0x0000000088e00000| Untracked 
|  53|0x0000000088f00000, 0x0000000088f00000, 0x0000000089000000|  0%| F|  |TAMS 0x0000000088f00000, 0x0000000088f00000| Untracked 
|  54|0x0000000089000000, 0x0000000089000000, 0x0000000089100000|  0%| F|  |TAMS 0x0000000089000000, 0x0000000089000000| Untracked 
|  55|0x0000000089100000, 0x0000000089100000, 0x0000000089200000|  0%| F|  |TAMS 0x0000000089100000, 0x0000000089100000| Untracked 
|  56|0x0000000089200000, 0x0000000089200000, 0x0000000089300000|  0%| F|  |TAMS 0x0000000089200000, 0x0000000089200000| Untracked 
|  57|0x0000000089300000, 0x0000000089300000, 0x0000000089400000|  0%| F|  |TAMS 0x0000000089300000, 0x0000000089300000| Untracked 
|  58|0x0000000089400000, 0x0000000089400000, 0x0000000089500000|  0%| F|  |TAMS 0x0000000089400000, 0x0000000089400000| Untracked 
|  59|0x0000000089500000, 0x0000000089500000, 0x0000000089600000|  0%| F|  |TAMS 0x0000000089500000, 0x0000000089500000| Untracked 
|  60|0x0000000089600000, 0x0000000089600000, 0x0000000089700000|  0%| F|  |TAMS 0x0000000089600000, 0x0000000089600000| Untracked 
|  61|0x0000000089700000, 0x0000000089700000, 0x0000000089800000|  0%| F|  |TAMS 0x0000000089700000, 0x0000000089700000| Untracked 
|  62|0x0000000089800000, 0x0000000089800000, 0x0000000089900000|  0%| F|  |TAMS 0x0000000089800000, 0x0000000089800000| Untracked 
|  63|0x0000000089900000, 0x0000000089900000, 0x0000000089a00000|  0%| F|  |TAMS 0x0000000089900000, 0x0000000089900000| Untracked 
|  64|0x0000000089a00000, 0x0000000089a00000, 0x0000000089b00000|  0%| F|  |TAMS 0x0000000089a00000, 0x0000000089a00000| Untracked 
|  65|0x0000000089b00000, 0x0000000089b00000, 0x0000000089c00000|  0%| F|  |TAMS 0x0000000089b00000, 0x0000000089b00000| Untracked 
|  66|0x0000000089c00000, 0x0000000089c00000, 0x0000000089d00000|  0%| F|  |TAMS 0x0000000089c00000, 0x0000000089c00000| Untracked 
|  67|0x0000000089d00000, 0x0000000089d00000, 0x0000000089e00000|  0%| F|  |TAMS 0x0000000089d00000, 0x0000000089d00000| Untracked 
|  68|0x0000000089e00000, 0x0000000089e00000, 0x0000000089f00000|  0%| F|  |TAMS 0x0000000089e00000, 0x0000000089e00000| Untracked 
|  69|0x0000000089f00000, 0x0000000089f00000, 0x000000008a000000|  0%| F|  |TAMS 0x0000000089f00000, 0x0000000089f00000| Untracked 
|  70|0x000000008a000000, 0x000000008a000000, 0x000000008a100000|  0%| F|  |TAMS 0x000000008a000000, 0x000000008a000000| Untracked 
|  71|0x000000008a100000, 0x000000008a100000, 0x000000008a200000|  0%| F|  |TAMS 0x000000008a100000, 0x000000008a100000| Untracked 
|  72|0x000000008a200000, 0x000000008a200000, 0x000000008a300000|  0%| F|  |TAMS 0x000000008a200000, 0x000000008a200000| Untracked 
|  73|0x000000008a300000, 0x000000008a300000, 0x000000008a400000|  0%| F|  |TAMS 0x000000008a300000, 0x000000008a300000| Untracked 
|  74|0x000000008a400000, 0x000000008a400000, 0x000000008a500000|  0%| F|  |TAMS 0x000000008a400000, 0x000000008a400000| Untracked 
|  75|0x000000008a500000, 0x000000008a500000, 0x000000008a600000|  0%| F|  |TAMS 0x000000008a500000, 0x000000008a500000| Untracked 
|  76|0x000000008a600000, 0x000000008a600000, 0x000000008a700000|  0%| F|  |TAMS 0x000000008a600000, 0x000000008a600000| Untracked 
|  77|0x000000008a700000, 0x000000008a700000, 0x000000008a800000|  0%| F|  |TAMS 0x000000008a700000, 0x000000008a700000| Untracked 
|  78|0x000000008a800000, 0x000000008a800000, 0x000000008a900000|  0%| F|  |TAMS 0x000000008a800000, 0x000000008a800000| Untracked 
|  79|0x000000008a900000, 0x000000008a900000, 0x000000008aa00000|  0%| F|  |TAMS 0x000000008a900000, 0x000000008a900000| Untracked 
|  80|0x000000008aa00000, 0x000000008aa00000, 0x000000008ab00000|  0%| F|  |TAMS 0x000000008aa00000, 0x000000008aa00000| Untracked 
|  81|0x000000008ab00000, 0x000000008ab00000, 0x000000008ac00000|  0%| F|  |TAMS 0x000000008ab00000, 0x000000008ab00000| Untracked 
|  82|0x000000008ac00000, 0x000000008ac00000, 0x000000008ad00000|  0%| F|  |TAMS 0x000000008ac00000, 0x000000008ac00000| Untracked 
|  83|0x000000008ad00000, 0x000000008ad00000, 0x000000008ae00000|  0%| F|  |TAMS 0x000000008ad00000, 0x000000008ad00000| Untracked 
|  84|0x000000008ae00000, 0x000000008ae00000, 0x000000008af00000|  0%| F|  |TAMS 0x000000008ae00000, 0x000000008ae00000| Untracked 
|  85|0x000000008af00000, 0x000000008af00000, 0x000000008b000000|  0%| F|  |TAMS 0x000000008af00000, 0x000000008af00000| Untracked 
|  86|0x000000008b000000, 0x000000008b000000, 0x000000008b100000|  0%| F|  |TAMS 0x000000008b000000, 0x000000008b000000| Untracked 
|  87|0x000000008b100000, 0x000000008b100000, 0x000000008b200000|  0%| F|  |TAMS 0x000000008b100000, 0x000000008b100000| Untracked 
|  88|0x000000008b200000, 0x000000008b200000, 0x000000008b300000|  0%| F|  |TAMS 0x000000008b200000, 0x000000008b200000| Untracked 
|  89|0x000000008b300000, 0x000000008b300000, 0x000000008b400000|  0%| F|  |TAMS 0x000000008b300000, 0x000000008b300000| Untracked 
|  90|0x000000008b400000, 0x000000008b400000, 0x000000008b500000|  0%| F|  |TAMS 0x000000008b400000, 0x000000008b400000| Untracked 
|  91|0x000000008b500000, 0x000000008b500000, 0x000000008b600000|  0%| F|  |TAMS 0x000000008b500000, 0x000000008b500000| Untracked 
|  92|0x000000008b600000, 0x000000008b600000, 0x000000008b700000|  0%| F|  |TAMS 0x000000008b600000, 0x000000008b600000| Untracked 
|  93|0x000000008b700000, 0x000000008b700000, 0x000000008b800000|  0%| F|  |TAMS 0x000000008b700000, 0x000000008b700000| Untracked 
|  94|0x000000008b800000, 0x000000008b800000, 0x000000008b900000|  0%| F|  |TAMS 0x000000008b800000, 0x000000008b800000| Untracked 
|  95|0x000000008b900000, 0x000000008b900000, 0x000000008ba00000|  0%| F|  |TAMS 0x000000008b900000, 0x000000008b900000| Untracked 
|  96|0x000000008ba00000, 0x000000008ba00000, 0x000000008bb00000|  0%| F|  |TAMS 0x000000008ba00000, 0x000000008ba00000| Untracked 
|  97|0x000000008bb00000, 0x000000008bc00000, 0x000000008bc00000|100%| S|CS|TAMS 0x000000008bb00000, 0x000000008bb00000| Complete 
|  98|0x000000008bc00000, 0x000000008bd00000, 0x000000008bd00000|100%| S|CS|TAMS 0x000000008bc00000, 0x000000008bc00000| Complete 
|  99|0x000000008bd00000, 0x000000008be00000, 0x000000008be00000|100%| S|CS|TAMS 0x000000008bd00000, 0x000000008bd00000| Complete 
| 100|0x000000008be00000, 0x000000008be00000, 0x000000008bf00000|  0%| F|  |TAMS 0x000000008be00000, 0x000000008be00000| Untracked 
| 101|0x000000008bf00000, 0x000000008bf00000, 0x000000008c000000|  0%| F|  |TAMS 0x000000008bf00000, 0x000000008bf00000| Untracked 
| 102|0x000000008c000000, 0x000000008c000000, 0x000000008c100000|  0%| F|  |TAMS 0x000000008c000000, 0x000000008c000000| Untracked 
| 103|0x000000008c100000, 0x000000008c100000, 0x000000008c200000|  0%| F|  |TAMS 0x000000008c100000, 0x000000008c100000| Untracked 
| 104|0x000000008c200000, 0x000000008c200000, 0x000000008c300000|  0%| F|  |TAMS 0x000000008c200000, 0x000000008c200000| Untracked 
| 105|0x000000008c300000, 0x000000008c300000, 0x000000008c400000|  0%| F|  |TAMS 0x000000008c300000, 0x000000008c300000| Untracked 
| 106|0x000000008c400000, 0x000000008c400000, 0x000000008c500000|  0%| F|  |TAMS 0x000000008c400000, 0x000000008c400000| Untracked 
| 107|0x000000008c500000, 0x000000008c500000, 0x000000008c600000|  0%| F|  |TAMS 0x000000008c500000, 0x000000008c500000| Untracked 
| 108|0x000000008c600000, 0x000000008c600000, 0x000000008c700000|  0%| F|  |TAMS 0x000000008c600000, 0x000000008c600000| Untracked 
| 109|0x000000008c700000, 0x000000008c700000, 0x000000008c800000|  0%| F|  |TAMS 0x000000008c700000, 0x000000008c700000| Untracked 
| 110|0x000000008c800000, 0x000000008c800000, 0x000000008c900000|  0%| F|  |TAMS 0x000000008c800000, 0x000000008c800000| Untracked 
| 111|0x000000008c900000, 0x000000008c900000, 0x000000008ca00000|  0%| F|  |TAMS 0x000000008c900000, 0x000000008c900000| Untracked 
| 112|0x000000008ca00000, 0x000000008ca00000, 0x000000008cb00000|  0%| F|  |TAMS 0x000000008ca00000, 0x000000008ca00000| Untracked 
| 113|0x000000008cb00000, 0x000000008cb00000, 0x000000008cc00000|  0%| F|  |TAMS 0x000000008cb00000, 0x000000008cb00000| Untracked 
| 114|0x000000008cc00000, 0x000000008cc00000, 0x000000008cd00000|  0%| F|  |TAMS 0x000000008cc00000, 0x000000008cc00000| Untracked 
| 115|0x000000008cd00000, 0x000000008cd00000, 0x000000008ce00000|  0%| F|  |TAMS 0x000000008cd00000, 0x000000008cd00000| Untracked 
| 116|0x000000008ce00000, 0x000000008ce00000, 0x000000008cf00000|  0%| F|  |TAMS 0x000000008ce00000, 0x000000008ce00000| Untracked 
| 117|0x000000008cf00000, 0x000000008cf00000, 0x000000008d000000|  0%| F|  |TAMS 0x000000008cf00000, 0x000000008cf00000| Untracked 
| 118|0x000000008d000000, 0x000000008d000000, 0x000000008d100000|  0%| F|  |TAMS 0x000000008d000000, 0x000000008d000000| Untracked 
| 119|0x000000008d100000, 0x000000008d187c10, 0x000000008d200000| 53%| E|  |TAMS 0x000000008d100000, 0x000000008d100000| Complete 
| 120|0x000000008d200000, 0x000000008d300000, 0x000000008d300000|100%| E|CS|TAMS 0x000000008d200000, 0x000000008d200000| Complete 
| 121|0x000000008d300000, 0x000000008d400000, 0x000000008d400000|100%| E|CS|TAMS 0x000000008d300000, 0x000000008d300000| Complete 
| 122|0x000000008d400000, 0x000000008d500000, 0x000000008d500000|100%| E|CS|TAMS 0x000000008d400000, 0x000000008d400000| Complete 
| 123|0x000000008d500000, 0x000000008d600000, 0x000000008d600000|100%| E|CS|TAMS 0x000000008d500000, 0x000000008d500000| Complete 

Card table byte_map: [0x000002612f8b0000,0x000002612fc90000] _byte_map_base: 0x000002612f483000

Marking Bits (Prev, Next): (CMBitMap*) 0x00000261172a47f8, (CMBitMap*) 0x00000261172a4830
 Prev Bits: [0x0000026130070000, 0x0000026131f08000)
 Next Bits: [0x0000026131f10000, 0x0000026133da8000)

Polling page: 0x0000026115a10000

Metaspace:

Usage:
  Non-class:     12.91 MB capacity,    12.71 MB ( 98%) used,   167.09 KB (  1%) free+waste,    38.06 KB ( <1%) overhead. 
      Class:      1.55 MB capacity,     1.41 MB ( 91%) used,   126.21 KB (  8%) free+waste,    20.63 KB (  1%) overhead. 
       Both:     14.47 MB capacity,    14.12 MB ( 98%) used,   293.30 KB (  2%) free+waste,    58.69 KB ( <1%) overhead. 

Virtual space:
  Non-class space:       14.00 MB reserved,      13.00 MB ( 93%) committed 
      Class space:        1.00 GB reserved,       1.63 MB ( <1%) committed 
             Both:        1.01 GB reserved,      14.63 MB (  1%) committed 

Chunk freelists:
   Non-Class:  24.00 KB
       Class:  11.00 KB
        Both:  35.00 KB

MaxMetaspaceSize: 17179869184.00 GB
CompressedClassSpaceSize: 1.00 GB
Initial GC threshold: 20.80 MB
Current GC threshold: 20.80 MB
CDS: off

CodeHeap 'non-profiled nmethods': size=120000Kb used=482Kb max_used=482Kb free=119517Kb
 bounds [0x0000026127530000, 0x00000261277a0000, 0x000002612ea60000]
CodeHeap 'profiled nmethods': size=120000Kb used=2188Kb max_used=2188Kb free=117811Kb
 bounds [0x0000026120000000, 0x0000026120270000, 0x0000026127530000]
CodeHeap 'non-nmethods': size=5760Kb used=1230Kb max_used=1241Kb free=4530Kb
 bounds [0x000002611fa60000, 0x000002611fcd0000, 0x0000026120000000]
 total_blobs=1698 nmethods=1201 adapters=410
 compilation: enabled
              stopped_count=0, restarted_count=0
 full_count=0

Compilation events (20 events):
Event: 0.852 Thread 0x00000261371af000 nmethod 1180 0x000002612021f410 code [0x000002612021f5c0, 0x000002612021f798]
Event: 0.857 Thread 0x00000261371af000 1192       1       java.lang.Boolean::booleanValue (5 bytes)
Event: 0.857 Thread 0x00000261371af000 nmethod 1192 0x00000261275a7410 code [0x00000261275a75c0, 0x00000261275a7678]
Event: 0.863 Thread 0x0000026137d2b800 nmethod 1185 0x00000261275a7710 code [0x00000261275a78c0, 0x00000261275a7e98]
Event: 0.863 Thread 0x00000261371af000 1193       3       java.util.regex.Pattern::isSupplementary (20 bytes)
Event: 0.863 Thread 0x00000261371af000 nmethod 1193 0x000002612021f890 code [0x000002612021fa40, 0x000002612021fcb8]
Event: 0.863 Thread 0x00000261371af000 1194       3       java.lang.Character::isSurrogate (18 bytes)
Event: 0.864 Thread 0x00000261371af000 nmethod 1194 0x000002612021fd90 code [0x000002612021ff40, 0x00000261202200b8]
Event: 0.864 Thread 0x00000261371af000 1195       3       java.util.regex.Pattern::peek (26 bytes)
Event: 0.864 Thread 0x00000261371af000 nmethod 1195 0x0000026120220190 code [0x0000026120220360, 0x00000261202205c8]
Event: 0.866 Thread 0x00000261375cd000 1196       4       java.lang.ThreadLocal::getMap (5 bytes)
Event: 0.867 Thread 0x00000261375cd000 nmethod 1196 0x00000261275a8190 code [0x00000261275a8320, 0x00000261275a8398]
Event: 0.867 Thread 0x00000261371af000 1200       3       org.lwjgl.system.MemoryUtil::memPutAddress (29 bytes)
Event: 0.867 Thread 0x00000261371af000 nmethod 1200 0x0000026120220710 code [0x00000261202208c0, 0x0000026120220ab8]
Event: 0.867 Thread 0x00000261371af000 1198       3       java.lang.Integer::toUnsignedLong (7 bytes)
Event: 0.867 Thread 0x00000261371af000 nmethod 1198 0x0000026120220b90 code [0x0000026120220d40, 0x0000026120220e38]
Event: 0.867 Thread 0x00000261371af000 1199       3       sun.misc.Unsafe::putLong (11 bytes)
Event: 0.867 Thread 0x00000261371af000 nmethod 1199 0x0000026120220f10 code [0x00000261202210c0, 0x00000261202211b8]
Event: 0.871 Thread 0x00000261371af000 1201       3       jdk.internal.loader.BuiltinClassLoader::defineClass (121 bytes)
Event: 0.872 Thread 0x00000261371af000 nmethod 1201 0x0000026120221290 code [0x00000261202215c0, 0x0000026120222a48]

GC Heap History (2 events):
Event: 0.719 GC heap before
{Heap before GC invocations=0 (full 0):
 garbage-first heap   total 126976K, used 24576K [0x0000000085a00000, 0x0000000100000000)
  region size 1024K, 24 young (24576K), 0 survivors (0K)
 Metaspace       used 12373K, capacity 12678K, committed 12800K, reserved 1060864K
  class space    used 1313K, capacity 1446K, committed 1536K, reserved 1048576K
}
Event: 0.724 GC heap after
{Heap after GC invocations=1 (full 0):
 garbage-first heap   total 126976K, used 3165K [0x0000000085a00000, 0x0000000100000000)
  region size 1024K, 3 young (3072K), 3 survivors (3072K)
 Metaspace       used 12373K, capacity 12678K, committed 12800K, reserved 1060864K
  class space    used 1313K, capacity 1446K, committed 1536K, reserved 1048576K
}

Deoptimization events (20 events):
Event: 0.746 Thread 0x0000026117263000 Uncommon trap: trap_request=0xffffff4d fr.pc=0x0000026127579600 relative=0x00000000000005c0
Event: 0.746 Thread 0x0000026117263000 Uncommon trap: reason=unstable_if action=reinterpret pc=0x0000026127579600 method=java.lang.Integer.getChars(II[B)I @ 25 c2
Event: 0.746 Thread 0x0000026117263000 DEOPT PACKING pc=0x0000026127579600 sp=0x000000f4381fb1f0
Event: 0.746 Thread 0x0000026117263000 DEOPT UNPACKING pc=0x000002611fa685af sp=0x000000f4381fb138 mode 2
Event: 0.754 Thread 0x0000026117263000 Uncommon trap: trap_request=0xffffff4d fr.pc=0x00000261275a0688 relative=0x0000000000000648
Event: 0.754 Thread 0x0000026117263000 Uncommon trap: reason=unstable_if action=reinterpret pc=0x00000261275a0688 method=java.lang.Integer.getChars(II[B)I @ 25 c2
Event: 0.754 Thread 0x0000026117263000 DEOPT PACKING pc=0x00000261275a0688 sp=0x000000f4381fb510
Event: 0.754 Thread 0x0000026117263000 DEOPT UNPACKING pc=0x000002611fa685af sp=0x000000f4381fb400 mode 2
Event: 0.782 Thread 0x0000026117263000 Uncommon trap: trap_request=0xffffff4d fr.pc=0x0000026127542cdc relative=0x000000000000003c
Event: 0.782 Thread 0x0000026117263000 Uncommon trap: reason=unstable_if action=reinterpret pc=0x0000026127542cdc method=sun.nio.fs.WindowsPathParser.isSlash(C)Z @ 9 c2
Event: 0.782 Thread 0x0000026117263000 DEOPT PACKING pc=0x0000026127542cdc sp=0x000000f4381fc030
Event: 0.782 Thread 0x0000026117263000 DEOPT UNPACKING pc=0x000002611fa685af sp=0x000000f4381fbfb8 mode 2
Event: 0.788 Thread 0x0000026117263000 Uncommon trap: trap_request=0xffffffb5 fr.pc=0x000002612757df18 relative=0x00000000000000d8
Event: 0.788 Thread 0x0000026117263000 Uncommon trap: reason=unloaded action=reinterpret pc=0x000002612757df18 method=jdk.internal.loader.URLClassPath$JarLoader.ensureOpen()V @ 26 c2
Event: 0.788 Thread 0x0000026117263000 DEOPT PACKING pc=0x000002612757df18 sp=0x000000f4381fa440
Event: 0.788 Thread 0x0000026117263000 DEOPT UNPACKING pc=0x000002611fa685af sp=0x000000f4381fa3c8 mode 2
Event: 0.791 Thread 0x0000026117263000 Uncommon trap: trap_request=0xffffff4d fr.pc=0x0000026127598d1c relative=0x0000000000002e1c
Event: 0.791 Thread 0x0000026117263000 Uncommon trap: reason=unstable_if action=reinterpret pc=0x0000026127598d1c method=java.util.jar.JarFile.getVersionedEntry(Ljava/lang/String;Ljava/util/jar/JarEntry;)Ljava/util/jar/JarEntry; @ 7 c2
Event: 0.791 Thread 0x0000026117263000 DEOPT PACKING pc=0x0000026127598d1c sp=0x000000f4381fc150
Event: 0.791 Thread 0x0000026117263000 DEOPT UNPACKING pc=0x000002611fa685af sp=0x000000f4381fc110 mode 2

Classes redefined (0 events):
No events

Internal exceptions (20 events):
Event: 0.789 Thread 0x0000026117263000 Exception <a 'java/security/PrivilegedActionException'{0x000000008d34f128}> (0x000000008d34f128) thrown at [./src/hotspot/share/prims/jvm.cpp, line 1306]
Event: 0.789 Thread 0x0000026117263000 Exception <a 'java/security/PrivilegedActionException'{0x000000008d34f3f8}> (0x000000008d34f3f8) thrown at [./src/hotspot/share/prims/jvm.cpp, line 1306]
Event: 0.789 Thread 0x0000026117263000 Exception <a 'java/security/PrivilegedActionException'{0x000000008d350740}> (0x000000008d350740) thrown at [./src/hotspot/share/prims/jvm.cpp, line 1306]
Event: 0.789 Thread 0x0000026117263000 Exception <a 'java/security/PrivilegedActionException'{0x000000008d350a10}> (0x000000008d350a10) thrown at [./src/hotspot/share/prims/jvm.cpp, line 1306]
Event: 0.789 Thread 0x0000026117263000 Exception <a 'java/security/PrivilegedActionException'{0x000000008d351e18}> (0x000000008d351e18) thrown at [./src/hotspot/share/prims/jvm.cpp, line 1306]
Event: 0.789 Thread 0x0000026117263000 Exception <a 'java/security/PrivilegedActionException'{0x000000008d3520e8}> (0x000000008d3520e8) thrown at [./src/hotspot/share/prims/jvm.cpp, line 1306]
Event: 0.789 Thread 0x0000026117263000 Exception <a 'java/security/PrivilegedActionException'{0x000000008d3533e0}> (0x000000008d3533e0) thrown at [./src/hotspot/share/prims/jvm.cpp, line 1306]
Event: 0.789 Thread 0x0000026117263000 Exception <a 'java/security/PrivilegedActionException'{0x000000008d3536b0}> (0x000000008d3536b0) thrown at [./src/hotspot/share/prims/jvm.cpp, line 1306]
Event: 0.789 Thread 0x0000026117263000 Exception <a 'java/security/PrivilegedActionException'{0x000000008d354a68}> (0x000000008d354a68) thrown at [./src/hotspot/share/prims/jvm.cpp, line 1306]
Event: 0.790 Thread 0x0000026117263000 Exception <a 'java/security/PrivilegedActionException'{0x000000008d354d38}> (0x000000008d354d38) thrown at [./src/hotspot/share/prims/jvm.cpp, line 1306]
Event: 0.821 Thread 0x0000026117263000 Exception <a 'sun/nio/fs/WindowsException'{0x000000008d387918}> (0x000000008d387918) thrown at [./src/hotspot/share/prims/jni.cpp, line 617]
Event: 0.821 Thread 0x0000026117263000 Exception <a 'sun/nio/fs/WindowsException'{0x000000008d387cd8}> (0x000000008d387cd8) thrown at [./src/hotspot/share/prims/jni.cpp, line 617]
Event: 0.832 Thread 0x0000026117263000 Exception <a 'sun/nio/fs/WindowsException'{0x000000008d3a2dc8}> (0x000000008d3a2dc8) thrown at [./src/hotspot/share/prims/jni.cpp, line 617]
Event: 0.832 Thread 0x0000026117263000 Exception <a 'sun/nio/fs/WindowsException'{0x000000008d3a30c8}> (0x000000008d3a30c8) thrown at [./src/hotspot/share/prims/jni.cpp, line 617]
Event: 0.845 Thread 0x0000026117263000 Exception <a 'java/lang/NoSuchMethodError'{0x000000008d3efd80}: 'int java.lang.invoke.DirectMethodHandle$Holder.invokeStatic(java.lang.Object, java.lang.Object, int, long)'> (0x000000008d3efd80) thrown at [./src/hotspot/share/interpreter/linkResolver.cpp, line 773]
Event: 0.845 Thread 0x0000026117263000 Exception <a 'java/lang/NoSuchMethodError'{0x000000008d3f2cf0}: 'int java.lang.invoke.DirectMethodHandle$Holder.invokeStaticInit(java.lang.Object, java.lang.Object, int, long)'> (0x000000008d3f2cf0) thrown at [./src/hotspot/share/interpreter/linkResolver.cpp, line 773]
Event: 0.846 Thread 0x0000026117263000 Exception <a 'java/lang/NoSuchMethodError'{0x000000008d3f8140}: 'java.lang.Object java.lang.invoke.Invokers$Holder.linkToTargetMethod(java.lang.Object, int, java.lang.Object)'> (0x000000008d3f8140) thrown at [./src/hotspot/share/interpreter/linkResolver.cpp, line 773]
Event: 0.847 Thread 0x0000026117263000 Exception <a 'java/lang/NoSuchMethodError'{0x000000008d205c40}: 'int java.lang.invoke.DirectMethodHandle$Holder.invokeStaticInit(java.lang.Object, java.lang.Object, long, long)'> (0x000000008d205c40) thrown at [./src/hotspot/share/interpreter/linkResolver.cpp, line 773]
Event: 0.848 Thread 0x0000026117263000 Exception <a 'java/lang/NoSuchMethodError'{0x000000008d2113b0}: 'java.lang.Object java.lang.invoke.Invokers$Holder.linkToTargetMethod(java.lang.Object, long, java.lang.Object)'> (0x000000008d2113b0) thrown at [./src/hotspot/share/interpreter/linkResolver.cpp, line 773]
Event: 0.849 Thread 0x0000026117263000 Exception <a 'java/lang/NoSuchMethodError'{0x000000008d2175b8}: 'int java.lang.invoke.DirectMethodHandle$Holder.invokeStaticInit(java.lang.Object, java.lang.Object, java.lang.Object, long)'> (0x000000008d2175b8) thrown at [./src/hotspot/share/interpreter/linkResolver.cpp, line 773]

Events (20 events):
Event: 0.866 loading class org/lwjgl/system/SharedLibrary$Delegate
Event: 0.866 loading class org/lwjgl/system/SharedLibrary$Delegate done
Event: 0.867 loading class org/lwjgl/opengl/GL30C
Event: 0.867 loading class org/lwjgl/opengl/GL30C done
Event: 0.868 loading class org/lwjgl/opengl/GL21C
Event: 0.868 loading class org/lwjgl/opengl/GL21C done
Event: 0.868 loading class org/lwjgl/opengl/GL20C
Event: 0.868 loading class org/lwjgl/opengl/GL20C done
Event: 0.869 loading class org/lwjgl/opengl/GL15C
Event: 0.869 loading class org/lwjgl/opengl/GL15C done
Event: 0.870 loading class org/lwjgl/opengl/GL14C
Event: 0.870 loading class org/lwjgl/opengl/GL14C done
Event: 0.870 loading class org/lwjgl/opengl/GL13C
Event: 0.870 loading class org/lwjgl/opengl/GL13C done
Event: 0.870 loading class org/lwjgl/opengl/GL12C
Event: 0.870 loading class org/lwjgl/opengl/GL12C done
Event: 0.871 loading class org/lwjgl/opengl/GL11C
Event: 0.871 loading class org/lwjgl/opengl/GL11C done
Event: 0.873 loading class org/lwjgl/system/libc/LibCString
Event: 0.873 loading class org/lwjgl/system/libc/LibCString done


Dynamic libraries:
0x00007ff72f1e0000 - 0x00007ff72f1ed000 	C:\Program Files\Microsoft\jdk-11.0.16.101-hotspot\bin\java.exe
0x00007ff80ff20000 - 0x00007ff810183000 	C:\WINDOWS\SYSTEM32\ntdll.dll
0x00007ff80e950000 - 0x00007ff80ea17000 	C:\WINDOWS\System32\KERNEL32.DLL
0x00007ff80d610000 - 0x00007ff80d9d9000 	C:\WINDOWS\System32\KERNELBASE.dll
0x00007ff80d4c0000 - 0x00007ff80d60c000 	C:\WINDOWS\System32\ucrtbase.dll
0x00007fffeb7a0000 - 0x00007fffeb7b7000 	C:\Program Files\Microsoft\jdk-11.0.16.101-hotspot\bin\jli.dll
0x00007fffeb0b0000 - 0x00007fffeb0c5000 	C:\Program Files\Microsoft\jdk-11.0.16.101-hotspot\bin\VCRUNTIME140.dll
0x00007ff80e6c0000 - 0x00007ff80e88a000 	C:\WINDOWS\System32\USER32.dll
0x00007ff80d1d0000 - 0x00007ff80d1f7000 	C:\WINDOWS\System32\win32u.dll
0x00007fffee2d0000 - 0x00007fffee560000 	C:\WINDOWS\WinSxS\amd64_microsoft.windows.common-controls_6595b64144ccf1df_6.0.26100.3323_none_3e088096e3344490\COMCTL32.dll
0x00007ff80fd40000 - 0x00007ff80fd6a000 	C:\WINDOWS\System32\GDI32.dll
0x00007ff80d380000 - 0x00007ff80d4b1000 	C:\WINDOWS\System32\gdi32full.dll
0x00007ff80dd40000 - 0x00007ff80dde9000 	C:\WINDOWS\System32\msvcrt.dll
0x00007ff80d120000 - 0x00007ff80d1c3000 	C:\WINDOWS\System32\msvcp_win.dll
0x00007ff80df10000 - 0x00007ff80df3f000 	C:\WINDOWS\System32\IMM32.DLL
0x00007fffc7b10000 - 0x00007fffc7bab000 	C:\Program Files\Microsoft\jdk-11.0.16.101-hotspot\bin\msvcp140.dll
0x00007fff74830000 - 0x00007fff753ba000 	C:\Program Files\Microsoft\jdk-11.0.16.101-hotspot\bin\server\jvm.dll
0x00007ff80e890000 - 0x00007ff80e942000 	C:\WINDOWS\System32\ADVAPI32.dll
0x00007ff80f5d0000 - 0x00007ff80f676000 	C:\WINDOWS\System32\sechost.dll
0x00007ff80ddf0000 - 0x00007ff80df06000 	C:\WINDOWS\System32\RPCRT4.dll
0x00007ff80fd70000 - 0x00007ff80fd78000 	C:\WINDOWS\System32\PSAPI.DLL
0x00007fffe84e0000 - 0x00007fffe84ea000 	C:\WINDOWS\SYSTEM32\WSOCK32.dll
0x00007ffffef20000 - 0x00007ffffef2b000 	C:\WINDOWS\SYSTEM32\VERSION.dll
0x00007ffff1e80000 - 0x00007ffff1eb6000 	C:\WINDOWS\SYSTEM32\WINMM.dll
0x00007ff80fae0000 - 0x00007ff80fb54000 	C:\WINDOWS\System32\WS2_32.dll
0x00007ff80bf40000 - 0x00007ff80bf5a000 	C:\WINDOWS\SYSTEM32\kernel.appcore.dll
0x00007fffec9a0000 - 0x00007fffec9b0000 	C:\Program Files\Microsoft\jdk-11.0.16.101-hotspot\bin\verify.dll
0x00007ff8079a0000 - 0x00007ff807be1000 	C:\WINDOWS\SYSTEM32\DBGHELP.DLL
0x00007ff80f700000 - 0x00007ff80fa82000 	C:\WINDOWS\System32\combase.dll
0x00007ff80e5e0000 - 0x00007ff80e6b6000 	C:\WINDOWS\System32\OLEAUT32.dll
0x00007fffead10000 - 0x00007fffead49000 	C:\WINDOWS\SYSTEM32\dbgcore.DLL
0x00007ff80dca0000 - 0x00007ff80dd39000 	C:\WINDOWS\System32\bcryptPrimitives.dll
0x00007fffd10c0000 - 0x00007fffd10e8000 	C:\Program Files\Microsoft\jdk-11.0.16.101-hotspot\bin\java.dll
0x00007fffeb8a0000 - 0x00007fffeb8aa000 	C:\Program Files\Microsoft\jdk-11.0.16.101-hotspot\bin\jimage.dll
0x00007fffe8770000 - 0x00007fffe8788000 	C:\Program Files\Microsoft\jdk-11.0.16.101-hotspot\bin\zip.dll
0x00007ff80ea20000 - 0x00007ff80f135000 	C:\WINDOWS\System32\SHELL32.dll
0x00007ff80db30000 - 0x00007ff80dc98000 	C:\WINDOWS\System32\wintypes.dll
0x00007ff80ae20000 - 0x00007ff80b665000 	C:\WINDOWS\SYSTEM32\windows.storage.dll
0x00007ff80df50000 - 0x00007ff80e03b000 	C:\WINDOWS\System32\SHCORE.dll
0x00007ff80f250000 - 0x00007ff80f2ad000 	C:\WINDOWS\System32\shlwapi.dll
0x00007ff80d030000 - 0x00007ff80d05f000 	C:\WINDOWS\SYSTEM32\profapi.dll
0x00007fffda770000 - 0x00007fffda789000 	C:\Program Files\Microsoft\jdk-11.0.16.101-hotspot\bin\net.dll
0x00007ff806bd0000 - 0x00007ff806cee000 	C:\WINDOWS\SYSTEM32\WINHTTP.dll
0x00007ff80c460000 - 0x00007ff80c4ca000 	C:\WINDOWS\system32\mswsock.dll
0x00007fffda100000 - 0x00007fffda113000 	C:\Program Files\Microsoft\jdk-11.0.16.101-hotspot\bin\nio.dll
0x00007fff88550000 - 0x00007fff885cb000 	C:\Users\parij\AppData\Local\Temp\lwjgl_parij\3.3.4-snapshot\x64\lwjgl.dll
0x00007fff884e0000 - 0x00007fff88541000 	C:\Users\parij\AppData\Local\Temp\lwjgl_parij\3.3.4-snapshot\x64\lwjgl_opengl.dll
0x00007fffcef20000 - 0x00007fffcf02c000 	C:\WINDOWS\SYSTEM32\opengl32.dll
0x00007fffd0400000 - 0x00007fffd042d000 	C:\WINDOWS\SYSTEM32\GLU32.dll
0x00007ff80a730000 - 0x00007ff80a777000 	C:\WINDOWS\SYSTEM32\dxcore.dll

dbghelp: loaded successfully - version: 4.0.5 - missing functions: none
symbol engine: initialized successfully - sym options: 0x614 - pdb path: .;C:\Program Files\Microsoft\jdk-11.0.16.101-hotspot\bin;C:\WINDOWS\SYSTEM32;C:\WINDOWS\WinSxS\amd64_microsoft.windows.common-controls_6595b64144ccf1df_6.0.26100.3323_none_3e088096e3344490;C:\Program Files\Microsoft\jdk-11.0.16.101-hotspot\bin\server;C:\Users\parij\AppData\Local\Temp\lwjgl_parij\3.3.4-snapshot\x64

VM Arguments:
jvm_args: -Dfile.encoding=UTF-8 -Duser.country=US -Duser.language=en -Duser.variant -ea 
java_command: Main java.library.path=libs
java_class_path (initial): C:\Users\parij\Downloads\Java_Game_Engine\GameEngine\build\classes\java\main;C:\Users\parij\Downloads\Java_Game_Engine\GameEngine\build\resources\main;C:\Users\parij\Downloads\Java_Game_Engine\GameEngine\libs\imgui-app-1.89.0-all.jar;C:\Users\parij\Downloads\Java_Game_Engine\GameEngine\libs\imgui-app-1.89.0-javadoc.jar;C:\Users\parij\Downloads\Java_Game_Engine\GameEngine\libs\imgui-app-1.89.0-sources.jar;C:\Users\parij\Downloads\Java_Game_Engine\GameEngine\libs\imgui-app-1.89.0.jar;C:\Users\parij\Downloads\Java_Game_Engine\GameEngine\libs\imgui-binding-1.89.0-javadoc.jar;C:\Users\parij\Downloads\Java_Game_Engine\GameEngine\libs\imgui-binding-1.89.0-sources.jar;C:\Users\parij\Downloads\Java_Game_Engine\GameEngine\libs\imgui-binding-1.89.0.jar;C:\Users\parij\Downloads\Java_Game_Engine\GameEngine\libs\imgui-lwjgl3-1.89.0-javadoc.jar;C:\Users\parij\Downloads\Java_Game_Engine\GameEngine\libs\imgui-lwjgl3-1.89.0-sources.jar;C:\Users\parij\Downloads\Java_Game_Engine\GameEngine\libs\imgui-lwjgl3-1.89.0.jar;C:\Users\parij\.gradle\caches\modules-2\files-2.1\ch.qos.logback\logback-classic\1.4.14\d98bc162275134cdf1518774da4a2a17ef6fb94d\logback-classic-1.4.14.jar;C:\Users\parij\.gradle\caches\modules-2\files-2.1\org.slf4j\slf4j-api\2.0.9\7cf2726fdcfbc8610f9a71fb3ed639871f315340\slf4j-api-2.0.9.jar;C:\Users\parij\.gradle\caches\modules-2\files-2.1\org.lwjgl\lwjgl-assimp\3.3.6\931a8de55dd5ee546689119c85ed4d4af7fa68f2\lwjgl-assimp-3.3.6.jar;C:\Users\parij\.gradle\caches\modules-2\files-2.1\org.lwjgl\lwjgl-assimp\3.3.6\486fa1e2db9fc903a0cab984604cef1a895b0e28\lwjgl-assimp-3.3.6-natives-windows.jar;C:\Users\parij\.gradle\caches\modules-2\files-2.1\org.lwjgl\lwjgl-glfw\3.3.6\7119f7d0eeb1e5502ff0ca71d2b4d47317da015\lwjgl-glfw-3.3.6.jar;C:\Users\parij\.gradle\caches\modules-2\files-2.1\org.lwjgl\lwjgl-glfw\3.3.6\99ef08056feb9627f90425a4d2a22cd9fae8e39b\lwjgl-glfw-3.3.6-natives-windows.jar;C:\Users\parij\.gradle\caches\modules-2\files-2.1\org.lwjgl\lwjgl-nfd
Launcher Type: SUN_STANDARD

[Global flags]
     intx CICompilerCount                          = 4                                         {product} {ergonomic}
     uint ConcGCThreads                            = 2                                         {product} {ergonomic}
     uint G1ConcRefinementThreads                  = 8                                         {product} {ergonomic}
   size_t G1HeapRegionSize                         = 1048576                                   {product} {ergonomic}
    uintx GCDrainStackTargetSize                   = 64                                        {product} {ergonomic}
   size_t InitialHeapSize                          = 130023424                                 {product} {ergonomic}
   size_t MarkStackSize                            = 4194304                                   {product} {ergonomic}
   size_t MaxHeapSize                              = 2053111808                                {product} {ergonomic}
   size_t MaxNewSize                               = 1231028224                                {product} {ergonomic}
   size_t MinHeapDeltaBytes                        = 1048576                                   {product} {ergonomic}
    uintx NonNMethodCodeHeapSize                   = 5836300                                {pd product} {ergonomic}
    uintx NonProfiledCodeHeapSize                  = 122910970                              {pd product} {ergonomic}
    uintx ProfiledCodeHeapSize                     = 122910970                              {pd product} {ergonomic}
    uintx ReservedCodeCacheSize                    = 251658240                              {pd product} {ergonomic}
     bool SegmentedCodeCache                       = true                                      {product} {ergonomic}
     bool UseCompressedClassPointers               = true                                 {lp64_product} {ergonomic}
     bool UseCompressedOops                        = true                                 {lp64_product} {ergonomic}
     bool UseG1GC                                  = true                                      {product} {ergonomic}
     bool UseLargePagesIndividualAllocation        = false                                  {pd product} {ergonomic}

Logging:
Log output configuration:
 #0: stdout all=warning uptime,level,tags
 #1: stderr all=off uptime,level,tags

Environment Variables:
PATH=C:\Program Files (x86)\Common Files\Oracle\Java\javapath;C:\Program Files\Microsoft\jdk-11.0.16.101-hotspot\bin;C:\WINDOWS\system32;C:\WINDOWS;C:\WINDOWS\System32\Wbem;C:\WINDOWS\System32\WindowsPowerShell\v1.0\;C:\WINDOWS\System32\OpenSSH\;C:\Program Files\Microsoft SQL Server\150\Tools\Binn\;C:\Program Files\Microsoft SQL Server\Client SDK\ODBC\170\Tools\Binn\;C:\Program Files\HP\HP One Agent;C:\WINDOWS\system32;C:\WINDOWS;C:\WINDOWS\System32\Wbem;C:\WINDOWS\System32\WindowsPowerShell\v1.0\;C:\WINDOWS\System32\OpenSSH\;C:\Program Files\Git\cmd;C:\Program Files\dotnet\;C:\Users\parij\AppData\Local\Programs\Python\Python311\Scripts\;C:\Users\parij\AppData\Local\Programs\Python\Python311\;C:\Users\parij\AppData\Local\Programs\Python\Launcher\;C:\Users\parij\AppData\Local\Microsoft\WindowsApps;C:\Users\parij\AppData\Local\GitHubDesktop\bin;;C:\Program Files\JetBrains\IntelliJ IDEA Community Edition 2024.3.2.1\bin;;C:\Users\parij\.dotnet\tools
USERNAME=parij
OS=Windows_NT
PROCESSOR_IDENTIFIER=Intel64 Family 6 Model 140 Stepping 1, GenuineIntel
TMP=C:\Users\parij\AppData\Local\Temp
TEMP=C:\Users\parij\AppData\Local\Temp



---------------  S Y S T E M  ---------------

OS: Windows 11 , 64 bit Build 26100 (10.0.26100.3323)
OS uptime: 0 days 7:46 hours

CPU:total 8 (initial active 8) (4 cores per cpu, 2 threads per core) family 6 model 140 stepping 1 microcode 0xb8, cmov, cx8, fxsr, mmx, sse, sse2, sse3, ssse3, sse4.1, sse4.2, popcnt, avx, avx2, aes, clmul, erms, 3dnowpref, lzcnt, ht, tsc, tscinvbit, bmi1, bmi2, adx, evex, sha, fma

Memory: 4k page, system-wide physical 7831M (930M free)
TotalPageFile size 13463M (AvailPageFile size 1483M)
current process WorkingSet (physical memory assigned to process): 96M, peak: 96M
current process commit charge ("private bytes"): 232M, peak: 233M

vm_info: OpenJDK 64-Bit Server VM (11.0.16.1+1-LTS) for windows-amd64 JRE (11.0.16.1+1-LTS), built on Aug 20 2022 20:09:04 by "" with MS VC++ 15.9 (VS2017)

END.
