2025-02-13 11:43:11 [main] ERROR renderer.Shader - Error: Could not open file for shader
java.nio.file.NoSuchFileException: default.glsl
	at java.base/sun.nio.fs.WindowsException.translateToIOException(WindowsException.java:85)
	at java.base/sun.nio.fs.WindowsException.rethrowAsIOException(WindowsException.java:103)
	at java.base/sun.nio.fs.WindowsException.rethrowAsIOException(WindowsException.java:108)
	at java.base/sun.nio.fs.WindowsFileSystemProvider.newByteChannel(WindowsFileSystemProvider.java:235)
	at java.base/java.nio.file.Files.newByteChannel(Files.java:371)
	at java.base/java.nio.file.Files.newByteChannel(Files.java:422)
	at java.base/java.nio.file.Files.readAllBytes(Files.java:3206)
	at renderer.Shader.<init>(Shader.java:39)
	at renderer.RenderBatch.<init>(renderBatch.java:48)
	at renderer.Renderer.add(Renderer.java:39)
	at renderer.Renderer.add(Renderer.java:23)
	at jade.Scene.start(Scene.java:24)
	at jade.Window.changeScene(Window.java:44)
	at jade.Window.init(Window.java:101)
	at jade.Window.run(Window.java:71)
	at Main.main(Main.java:19)
2025-02-15 00:04:43 [main] ERROR renderer.Texture - Texture file could not load image from file: empty
2025-02-15 00:15:02 [main] ERROR renderer.Texture - Texture file could not load image from file: something
2025-02-15 00:53:37 [main] ERROR renderer.Texture - Texture file could not load image from file: "C:\Users\parij\Pictures\Genshin\Yae Miko Genshin Impact.jpg"
2025-02-17 20:22:40 [main] ERROR renderer.Shader - Error: 'assets/shaders/default.glsl' 
	Fragment Shader Compilation Failed
2025-02-17 20:22:40 [main] ERROR renderer.Shader - ERROR: 0:16: 'uTextures' : undeclared identifier 
ERROR: 0:16: 'uTextures' : left of '[' is not of type array, matrix, or vector 
ERROR: 0:17: 'texture' : no matching overloaded function found (using implicit conversion) 
ERROR: 0:17: 'texture' : function is not known 


2025-02-18 11:13:05 [main] ERROR Util.AssetPool - Tried to access sprite sheet but found that it was not added to AssetPool 
2025-02-18 11:14:20 [main] ERROR Util.AssetPool - Tried to access sprite sheet but found that it was not added to AssetPool 
