2025-02-13 11:43:11 [main] ERROR renderer.Shader - Error: Could not open file for shader
java.nio.file.NoSuchFileException: default.glsl
	at java.base/sun.nio.fs.WindowsException.translateToIOException(WindowsException.java:85)
	at java.base/sun.nio.fs.WindowsException.rethrowAsIOException(WindowsException.java:103)
	at java.base/sun.nio.fs.WindowsException.rethrowAsIOException(WindowsException.java:108)
	at java.base/sun.nio.fs.WindowsFileSystemProvider.newByteChannel(WindowsFileSystemProvider.java:235)
	at java.base/java.nio.file.Files.newByteChannel(Files.java:371)
	at java.base/java.nio.file.Files.newByteChannel(Files.java:422)
	at java.base/java.nio.file.Files.readAllBytes(Files.java:3206)
	at renderer.Shader.<init>(Shader.java:39)
	at renderer.RenderBatch.<init>(renderBatch.java:48)
	at renderer.Renderer.add(Renderer.java:39)
	at renderer.Renderer.add(Renderer.java:23)
	at Scenes.Scene.start(Scene.java:24)
	at jade.Window.changeScene(Window.java:44)
	at jade.Window.init(Window.java:101)
	at jade.Window.run(Window.java:71)
	at Main.main(Main.java:19)
2025-02-15 00:04:43 [main] ERROR renderer.Texture - Texture file could not load image from file: empty
2025-02-15 00:15:02 [main] ERROR renderer.Texture - Texture file could not load image from file: something
2025-02-15 00:53:37 [main] ERROR renderer.Texture - Texture file could not load image from file: "C:\Users\parij\Pictures\Genshin\Yae Miko Genshin Impact.jpg"
2025-02-17 20:22:40 [main] ERROR renderer.Shader - Error: 'assets/shaders/default.glsl' 
	Fragment Shader Compilation Failed
2025-02-17 20:22:40 [main] ERROR renderer.Shader - ERROR: 0:16: 'uTextures' : undeclared identifier 
ERROR: 0:16: 'uTextures' : left of '[' is not of type array, matrix, or vector 
ERROR: 0:17: 'texture' : no matching overloaded function found (using implicit conversion) 
ERROR: 0:17: 'texture' : function is not known 


2025-02-18 11:13:05 [main] ERROR Util.AssetPool - Tried to access sprite sheet but found that it was not added to AssetPool 
2025-02-18 11:14:20 [main] ERROR Util.AssetPool - Tried to access sprite sheet but found that it was not added to AssetPool 
2025-03-04 19:19:58 [main] ERROR jade.GameObject - Error while reading level.txt
java.nio.file.NoSuchFileException: level.txt
	at java.base/sun.nio.fs.WindowsException.translateToIOException(WindowsException.java:85)
	at java.base/sun.nio.fs.WindowsException.rethrowAsIOException(WindowsException.java:103)
	at java.base/sun.nio.fs.WindowsException.rethrowAsIOException(WindowsException.java:108)
	at java.base/sun.nio.fs.WindowsFileSystemProvider.newByteChannel(WindowsFileSystemProvider.java:235)
	at java.base/java.nio.file.Files.newByteChannel(Files.java:371)
	at java.base/java.nio.file.Files.newByteChannel(Files.java:422)
	at java.base/java.nio.file.Files.readAllBytes(Files.java:3206)
	at Scenes.Scene.load(Scene.java:110)
	at jade.Window.loop(Window.java:166)
	at jade.Window.run(Window.java:105)
	at Main.main(Main.java:22)
2025-03-05 19:27:08 [main] ERROR jade.GameObject - Error while reading level.txt
java.nio.file.NoSuchFileException: level.txt
	at java.base/sun.nio.fs.WindowsException.translateToIOException(WindowsException.java:85)
	at java.base/sun.nio.fs.WindowsException.rethrowAsIOException(WindowsException.java:103)
	at java.base/sun.nio.fs.WindowsException.rethrowAsIOException(WindowsException.java:108)
	at java.base/sun.nio.fs.WindowsFileSystemProvider.newByteChannel(WindowsFileSystemProvider.java:235)
	at java.base/java.nio.file.Files.newByteChannel(Files.java:371)
	at java.base/java.nio.file.Files.newByteChannel(Files.java:422)
	at java.base/java.nio.file.Files.readAllBytes(Files.java:3206)
	at Scenes.Scene.load(Scene.java:110)
	at jade.Window.changeScene(Window.java:70)
	at jade.Window.init(Window.java:156)
	at jade.Window.run(Window.java:99)
	at Main.main(Main.java:22)
2025-03-05 19:46:16 [main] ERROR jade.GameObject - Error while reading level.txt
java.nio.file.NoSuchFileException: level.txt
	at java.base/sun.nio.fs.WindowsException.translateToIOException(WindowsException.java:85)
	at java.base/sun.nio.fs.WindowsException.rethrowAsIOException(WindowsException.java:103)
	at java.base/sun.nio.fs.WindowsException.rethrowAsIOException(WindowsException.java:108)
	at java.base/sun.nio.fs.WindowsFileSystemProvider.newByteChannel(WindowsFileSystemProvider.java:235)
	at java.base/java.nio.file.Files.newByteChannel(Files.java:371)
	at java.base/java.nio.file.Files.newByteChannel(Files.java:422)
	at java.base/java.nio.file.Files.readAllBytes(Files.java:3206)
	at Scenes.Scene.load(Scene.java:110)
	at jade.Window.loop(Window.java:166)
	at jade.Window.run(Window.java:105)
	at Main.main(Main.java:22)
2025-03-06 13:11:17 [main] ERROR jade.GameObject - Error while reading level.txt
java.nio.file.NoSuchFileException: level.txt
	at java.base/sun.nio.fs.WindowsException.translateToIOException(WindowsException.java:85)
	at java.base/sun.nio.fs.WindowsException.rethrowAsIOException(WindowsException.java:103)
	at java.base/sun.nio.fs.WindowsException.rethrowAsIOException(WindowsException.java:108)
	at java.base/sun.nio.fs.WindowsFileSystemProvider.newByteChannel(WindowsFileSystemProvider.java:235)
	at java.base/java.nio.file.Files.newByteChannel(Files.java:371)
	at java.base/java.nio.file.Files.newByteChannel(Files.java:422)
	at java.base/java.nio.file.Files.readAllBytes(Files.java:3206)
	at Scenes.Scene.load(Scene.java:113)
	at jade.Window.changeScene(Window.java:72)
	at jade.Window.init(Window.java:158)
	at jade.Window.run(Window.java:101)
	at Main.main(Main.java:22)
2025-03-10 20:52:44 [main] ERROR renderer.Shader - Vertex Shader Compilation Failed for 'assets/shaders/debugLine2D.glsl'
2025-03-10 20:52:44 [main] ERROR renderer.Shader - Shader Compilation Log:
ERROR: 0:16: 'gl_position' : undeclared identifier 
ERROR: 0:16: 'assign' :  cannot convert from '4-component vector of highp float' to 'highp float'


2025-03-10 20:53:10 [main] ERROR renderer.Shader - Error: 'assets/shaders/debugLine2D.glsl' 
	Fragment Shader Compilation Failed
2025-03-10 20:53:10 [main] ERROR renderer.Shader - ERROR: 0:10: 'color' : undeclared identifier 
ERROR: 0:10: 'assign' :  cannot convert from '4-component vector of highp float' to 'highp float'


2025-03-10 20:53:41 [main] ERROR renderer.Shader - Error: 'assets/shaders/debugLine2D.glsl' 
	Fragment Shader Compilation Failed
2025-03-10 20:53:41 [main] ERROR renderer.Shader - ERROR: 0:10: 'color' : undeclared identifier 
ERROR: 0:10: 'assign' :  cannot convert from '4-component vector of highp float' to 'highp float'


2025-03-10 20:53:47 [main] ERROR renderer.Shader - Error: 'assets/shaders/debugLine2D.glsl' 
	Fragment Shader Compilation Failed
2025-03-10 20:53:47 [main] ERROR renderer.Shader - ERROR: 0:10: 'color' : undeclared identifier 
ERROR: 0:10: 'f' : syntax error syntax error


2025-03-10 20:53:54 [main] ERROR renderer.Shader - Error: 'assets/shaders/debugLine2D.glsl' 
	Fragment Shader Compilation Failed
2025-03-10 20:53:54 [main] ERROR renderer.Shader - ERROR: 0:10: 'color' : undeclared identifier 
ERROR: 0:10: 'assign' :  cannot convert from '4-component vector of highp float' to 'highp float'


2025-03-10 20:57:29 [main] ERROR renderer.Shader - Error: 'assets/shaders/debugLine2D.glsl' 
	Fragment Shader Compilation Failed
2025-03-10 20:57:29 [main] ERROR renderer.Shader - ERROR: 0:10: 'color' : undeclared identifier 
ERROR: 0:10: 'assign' :  cannot convert from '4-component vector of highp float' to 'highp float'


2025-03-13 12:49:07 [main] ERROR renderer.Texture - Using default constructor for texture... Why?
2025-03-24 19:11:28 [main] ERROR renderer.PickingTexture - Error frame buffer is not complete in class renderer.PickingTexture
2025-03-24 19:12:49 [main] ERROR renderer.PickingTexture - Error frame buffer is not complete in class renderer.PickingTexture
2025-03-24 19:33:31 [main] ERROR renderer.Shader - Error: 'assets/shaders/pickingShader.glsl' 
	Fragment Shader Compilation Failed
2025-03-24 19:33:31 [main] ERROR renderer.Shader - ERROR: 0:25: 'constructor' : too many arguments 


