#
# A fatal error has been detected by the Java Runtime Environment:
#
#  EXCEPTION_ACCESS_VIOLATION (0xc0000005) at pc=0x00007ffaf2a55bb5, pid=5252, tid=19236
#
# JRE version: OpenJDK Runtime Environment Microsoft-40648 (11.0.16.1+1) (build 11.0.16.1+1-LTS)
# Java VM: OpenJDK 64-Bit Server VM Microsoft-40648 (11.0.16.1+1-LTS, mixed mode, tiered, compressed oops, g1 gc, windows-amd64)
# Problematic frame:
# C  [igxelpicd64.dll+0x15bb5]
#
# No core dump will be written. Minidumps are not enabled by default on client versions of Windows
#
# If you would like to submit a bug report, please visit:
#   https://github.com/microsoft/openjdk/issues
# The crash happened outside the Java Virtual Machine in native code.
# See problematic frame for where to report the bug.
#

---------------  S U M M A R Y ------------

Command Line: -Dfile.encoding=UTF-8 -Duser.country=US -Duser.language=en -Duser.variant -ea Main

Host: 11th Gen Intel(R) Core(TM) i5-1135G7 @ 2.40GHz, 8 cores, 7G,  Windows 11 , 64 bit Build 26100 (10.0.26100.3037)
Time: Tue Feb 11 11:53:57 2025 India Standard Time elapsed time: 1.206572 seconds (0d 0h 0m 1s)

---------------  T H R E A D  ---------------

Current thread (0x00000285f3fbd000):  JavaThread "main" [_thread_in_native, id=19236, stack(0x000000f577700000,0x000000f577800000)]

Stack: [0x000000f577700000,0x000000f577800000],  sp=0x000000f5777fe710,  free space=1017k
Native frames: (J=compiled Java code, j=interpreted, Vv=VM code, C=native code)
C  [igxelpicd64.dll+0x15bb5]

Java frames: (J=compiled Java code, j=interpreted, Vv=VM code)
j  org.lwjgl.opengl.GL11C.nglTexImage2D(IIIIIIIIJ)V+0
j  org.lwjgl.opengl.GL11C.glTexImage2D(IIIIIIIILjava/nio/ByteBuffer;)V+17
j  org.lwjgl.opengl.GL11.glTexImage2D(IIIIIIIILjava/nio/ByteBuffer;)V+14
j  renderer.texture.<init>(Ljava/lang/String;)V+137
j  jade.Level_Editor_Scene.init()V+45
j  jade.Window.changeScene(I)V+41
j  jade.Window.init()V+173
j  jade.Window.run()V+15
j  Main.main([Ljava/lang/String;)V+5
v  ~StubRoutines::call_stub

siginfo: EXCEPTION_ACCESS_VIOLATION (0xc0000005), reading address 0x000002859de10000


Register to memory mapping:

RIP=0x00007ffaf2a55bb5 igxelpicd64.dll
RAX=0x000000000000319f is an unknown value
RBX=0x0000028597db0000 points into unknown readable memory: 0xfefefefefefefefe | fe fe fe fe fe fe fe fe
RCX=0x00000000000031a0 is an unknown value
RDX=0x000002859de0ffc0 points into unknown readable memory: 0x0000000000000000 | 00 00 00 00 00 00 00 00
RSP=0x000000f5777fe710 is pointing into the stack for thread: 0x00000285f3fbd000
RBP=0x000000f5777fe840 is pointing into the stack for thread: 0x00000285f3fbd000
RSI=0x0 is NULL
RDI=0x0000028597f3cf80 points into unknown readable memory: 0x0000000000000000 | 00 00 00 00 00 00 00 00
R8 =0x0000000000211000 is an unknown value
R9 =0x0000000000004220 is an unknown value
R10=0x0 is NULL
R11=0x000000f5777fe790 is pointing into the stack for thread: 0x00000285f3fbd000
R12=0x0 is NULL
R13=0x0000000000000001 is an unknown value
R14=0x000000f5777fe920 is pointing into the stack for thread: 0x00000285f3fbd000
R15=0x0 is NULL


Registers:
RAX=0x000000000000319f, RBX=0x0000028597db0000, RCX=0x00000000000031a0, RDX=0x000002859de0ffc0
RSP=0x000000f5777fe710, RBP=0x000000f5777fe840, RSI=0x0000000000000000, RDI=0x0000028597f3cf80
R8 =0x0000000000211000, R9 =0x0000000000004220, R10=0x0000000000000000, R11=0x000000f5777fe790
R12=0x0000000000000000, R13=0x0000000000000001, R14=0x000000f5777fe920, R15=0x0000000000000000
RIP=0x00007ffaf2a55bb5, EFLAGS=0x0000000000010217

Top of Stack: (sp=0x000000f5777fe710)
0x000000f5777fe710:   0000000000000000 0000000000000000
0x000000f5777fe720:   0000000000000000 0000000000000000
0x000000f5777fe730:   000002859dc83040 00007ffaf2b39b24
0x000000f5777fe740:   000002859dc83040 000000f5777fe840
0x000000f5777fe750:   0000000000000000 0000000000000000
0x000000f5777fe760:   0000028597db0049 0000000000000001
0x000000f5777fe770:   000002859dc83040 0000000000000000
0x000000f5777fe780:   0000028594abef80 00000285948499d0
0x000000f5777fe790:   00007ffaf3523cd8 0000028594814e80
0x000000f5777fe7a0:   000002e0000002e0 0000004900000000
0x000000f5777fe7b0:   00000b8000000004 000002859dc83040
0x000000f5777fe7c0:   0000000400000049 0000028500000b80
0x000000f5777fe7d0:   0000028597db0000 0000028594747680
0x000000f5777fe7e0:   0000000000000000 0000028597db0000
0x000000f5777fe7f0:   0000000000000000 00000285945dbd10
0x000000f5777fe800:   0000028500000035 00007ffa000002e0 

Instructions: (pc=0x00007ffaf2a55bb5)
0x00007ffaf2a55ab5:   e9 07 f6 c2 0f 0f 84 d4 00 00 00 4d 85 c9 74 6a
0x00007ffaf2a55ac5:   66 66 66 0f 1f 84 00 00 00 00 00 f3 0f 6f 02 ff
0x00007ffaf2a55ad5:   c1 f3 0f 6f 4a 10 8b c1 f3 0f 6f 52 20 f3 0f 6f
0x00007ffaf2a55ae5:   5a 30 f3 0f 6f 62 40 f3 0f 6f 6a 50 f3 0f 6f 72
0x00007ffaf2a55af5:   60 f3 0f 6f 7a 70 66 0f e7 07 66 0f e7 4f 10 66
0x00007ffaf2a55b05:   0f e7 57 20 66 0f e7 5f 30 66 0f e7 67 40 66 0f
0x00007ffaf2a55b15:   e7 6f 50 66 0f e7 77 60 66 0f e7 7f 70 48 83 ef
0x00007ffaf2a55b25:   80 48 83 ea 80 49 3b c1 72 a1 41 83 e0 7f 0f 85
0x00007ffaf2a55b35:   05 01 00 00 0f 28 74 24 10 0f 28 3c 24 41 83 e0
0x00007ffaf2a55b45:   0f 75 06 48 83 c4 20 5f c3 49 8b c8 45 8b ca 48
0x00007ffaf2a55b55:   c1 e9 02 48 85 c9 74 17 8b 02 41 ff c1 89 07 48
0x00007ffaf2a55b65:   83 c2 04 48 83 c7 04 41 8b c1 48 3b c1 72 e9 41
0x00007ffaf2a55b75:   83 e0 03 76 ce 48 2b d7 0f b6 04 3a 41 ff c2 88
0x00007ffaf2a55b85:   07 48 8d 7f 01 41 8b c2 49 3b c0 72 eb eb b4 4d
0x00007ffaf2a55b95:   85 c9 74 66 0f 1f 80 00 00 00 00 f3 0f 6f 02 ff
0x00007ffaf2a55ba5:   c1 f3 0f 6f 4a 10 f3 0f 6f 52 20 f3 0f 6f 5a 30
0x00007ffaf2a55bb5:   f3 0f 6f 62 40 f3 0f 6f 6a 50 f3 0f 6f 72 60 f3
0x00007ffaf2a55bc5:   0f 6f 7a 70 48 83 ea 80 66 0f e7 07 66 0f e7 4f
0x00007ffaf2a55bd5:   10 66 0f e7 57 20 66 0f e7 5f 30 66 0f e7 67 40
0x00007ffaf2a55be5:   66 0f e7 6f 50 66 0f e7 77 60 66 0f e7 7f 70 48
0x00007ffaf2a55bf5:   83 ef 80 8b c1 49 3b c1 72 a1 41 83 e0 7f 0f 84
0x00007ffaf2a55c05:   30 ff ff ff 45 8b c8 41 8b ca 49 c1 e9 04 4d 85
0x00007ffaf2a55c15:   c9 0f 84 1d ff ff ff 0f 1f 40 00 f3 0f 6f 02 ff
0x00007ffaf2a55c25:   c1 66 0f e7 07 48 83 c7 10 8b c1 48 83 c2 10 49
0x00007ffaf2a55c35:   3b c1 72 e7 e9 fb fe ff ff 49 8b c8 45 8b ca 48
0x00007ffaf2a55c45:   c1 e9 04 48 85 c9 0f 84 e8 fe ff ff f3 0f 6f 02
0x00007ffaf2a55c55:   41 ff c1 48 83 c2 10 41 8b c1 66 0f e7 07 48 83
0x00007ffaf2a55c65:   c7 10 48 3b c1 72 e5 e9 c8 fe ff ff 66 0f 6f 0d
0x00007ffaf2a55c75:   a7 e5 bf 00 b8 10 00 00 00 2b c1 8b c8 b8 0f 00
0x00007ffaf2a55c85:   00 00 2a c1 0f be c0 66 0f 6e c0 66 0f 60 c0 66
0x00007ffaf2a55c95:   0f 61 c0 66 0f 70 c0 00 66 0f 64 c8 f3 0f 6f 02
0x00007ffaf2a55ca5:   48 03 d1 66 0f f7 c1 48 03 f9 e9 eb fd ff ff 48 


Stack slot to memory mapping:
stack at sp + 0 slots: 0x0 is NULL
stack at sp + 1 slots: 0x0 is NULL
stack at sp + 2 slots: 0x0 is NULL
stack at sp + 3 slots: 0x0 is NULL
stack at sp + 4 slots: 0x000002859dc83040 points into unknown readable memory: 0xfefefefefefefefe | fe fe fe fe fe fe fe fe
stack at sp + 5 slots: 0x00007ffaf2b39b24 igxelpicd64.dll
stack at sp + 6 slots: 0x000002859dc83040 points into unknown readable memory: 0xfefefefefefefefe | fe fe fe fe fe fe fe fe
stack at sp + 7 slots: 0x000000f5777fe840 is pointing into the stack for thread: 0x00000285f3fbd000


---------------  P R O C E S S  ---------------

Threads class SMR info:
_java_thread_list=0x0000028593fdf950, length=10, elements={
0x00000285f3fbd000, 0x00000285935f3800, 0x00000285935fa000, 0x0000028593e1c800,
0x0000028593e1e000, 0x0000028593e1f000, 0x0000028593604800, 0x0000028593e72800,
0x0000028593e84800, 0x0000028593fea800
}

Java Threads: ( => current thread )
=>0x00000285f3fbd000 JavaThread "main" [_thread_in_native, id=19236, stack(0x000000f577700000,0x000000f577800000)]
  0x00000285935f3800 JavaThread "Reference Handler" daemon [_thread_blocked, id=22700, stack(0x000000f577e00000,0x000000f577f00000)]
  0x00000285935fa000 JavaThread "Finalizer" daemon [_thread_blocked, id=1436, stack(0x000000f577f00000,0x000000f578000000)]
  0x0000028593e1c800 JavaThread "Signal Dispatcher" daemon [_thread_blocked, id=26228, stack(0x000000f578000000,0x000000f578100000)]
  0x0000028593e1e000 JavaThread "Attach Listener" daemon [_thread_blocked, id=24180, stack(0x000000f578100000,0x000000f578200000)]
  0x0000028593e1f000 JavaThread "Service Thread" daemon [_thread_blocked, id=12208, stack(0x000000f578200000,0x000000f578300000)]
  0x0000028593604800 JavaThread "C2 CompilerThread0" daemon [_thread_blocked, id=21996, stack(0x000000f578300000,0x000000f578400000)]
  0x0000028593e72800 JavaThread "C1 CompilerThread0" daemon [_thread_blocked, id=23076, stack(0x000000f578400000,0x000000f578500000)]
  0x0000028593e84800 JavaThread "Sweeper thread" daemon [_thread_blocked, id=13532, stack(0x000000f578500000,0x000000f578600000)]
  0x0000028593fea800 JavaThread "Common-Cleaner" daemon [_thread_blocked, id=21932, stack(0x000000f578700000,0x000000f578800000)]

Other Threads:
  0x00000285935f0000 VMThread "VM Thread" [stack: 0x000000f577d00000,0x000000f577e00000] [id=20320]
  0x0000028593fe2800 WatcherThread [stack: 0x000000f578600000,0x000000f578700000] [id=26812]
  0x00000285f3fd5000 GCTaskThread "GC Thread#0" [stack: 0x000000f577800000,0x000000f577900000] [id=9984]
  0x00000285f400a000 ConcurrentGCThread "G1 Main Marker" [stack: 0x000000f577900000,0x000000f577a00000] [id=2596]
  0x00000285f4011000 ConcurrentGCThread "G1 Conc#0" [stack: 0x000000f577a00000,0x000000f577b00000] [id=928]
  0x00000285f400a800 ConcurrentGCThread "G1 Refine#0" [stack: 0x000000f577b00000,0x000000f577c00000] [id=11608]
  0x0000028593426800 ConcurrentGCThread "G1 Young RemSet Sampling" [stack: 0x000000f577c00000,0x000000f577d00000] [id=21544]

Threads with active compile tasks:

VM state:not at safepoint (normal execution)

VM Mutex/Monitor currently owned by a thread: None

Heap address: 0x0000000085a00000, size: 1958 MB, Compressed Oops mode: 32-bit
Narrow klass base: 0x0000000000000000, Narrow klass shift: 3
Compressed class space size: 1073741824 Address: 0x0000000100000000

Heap:
 garbage-first heap   total 126976K, used 11264K [0x0000000085a00000, 0x0000000100000000)
  region size 1024K, 12 young (12288K), 0 survivors (0K)
 Metaspace       used 10532K, capacity 10655K, committed 10880K, reserved 1058816K
  class space    used 780K, capacity 836K, committed 896K, reserved 1048576K
Heap Regions: E=young(eden), S=young(survivor), O=old, HS=humongous(starts), HC=humongous(continues), CS=collection set, F=free, A=archive, TAMS=top-at-mark-start (previous, next)
|   0|0x0000000085a00000, 0x0000000085a00000, 0x0000000085b00000|  0%| F|  |TAMS 0x0000000085a00000, 0x0000000085a00000| Untracked 
|   1|0x0000000085b00000, 0x0000000085b00000, 0x0000000085c00000|  0%| F|  |TAMS 0x0000000085b00000, 0x0000000085b00000| Untracked 
|   2|0x0000000085c00000, 0x0000000085c00000, 0x0000000085d00000|  0%| F|  |TAMS 0x0000000085c00000, 0x0000000085c00000| Untracked 
|   3|0x0000000085d00000, 0x0000000085d00000, 0x0000000085e00000|  0%| F|  |TAMS 0x0000000085d00000, 0x0000000085d00000| Untracked 
|   4|0x0000000085e00000, 0x0000000085e00000, 0x0000000085f00000|  0%| F|  |TAMS 0x0000000085e00000, 0x0000000085e00000| Untracked 
|   5|0x0000000085f00000, 0x0000000085f00000, 0x0000000086000000|  0%| F|  |TAMS 0x0000000085f00000, 0x0000000085f00000| Untracked 
|   6|0x0000000086000000, 0x0000000086000000, 0x0000000086100000|  0%| F|  |TAMS 0x0000000086000000, 0x0000000086000000| Untracked 
|   7|0x0000000086100000, 0x0000000086100000, 0x0000000086200000|  0%| F|  |TAMS 0x0000000086100000, 0x0000000086100000| Untracked 
|   8|0x0000000086200000, 0x0000000086200000, 0x0000000086300000|  0%| F|  |TAMS 0x0000000086200000, 0x0000000086200000| Untracked 
|   9|0x0000000086300000, 0x0000000086300000, 0x0000000086400000|  0%| F|  |TAMS 0x0000000086300000, 0x0000000086300000| Untracked 
|  10|0x0000000086400000, 0x0000000086400000, 0x0000000086500000|  0%| F|  |TAMS 0x0000000086400000, 0x0000000086400000| Untracked 
|  11|0x0000000086500000, 0x0000000086500000, 0x0000000086600000|  0%| F|  |TAMS 0x0000000086500000, 0x0000000086500000| Untracked 
|  12|0x0000000086600000, 0x0000000086600000, 0x0000000086700000|  0%| F|  |TAMS 0x0000000086600000, 0x0000000086600000| Untracked 
|  13|0x0000000086700000, 0x0000000086700000, 0x0000000086800000|  0%| F|  |TAMS 0x0000000086700000, 0x0000000086700000| Untracked 
|  14|0x0000000086800000, 0x0000000086800000, 0x0000000086900000|  0%| F|  |TAMS 0x0000000086800000, 0x0000000086800000| Untracked 
|  15|0x0000000086900000, 0x0000000086900000, 0x0000000086a00000|  0%| F|  |TAMS 0x0000000086900000, 0x0000000086900000| Untracked 
|  16|0x0000000086a00000, 0x0000000086a00000, 0x0000000086b00000|  0%| F|  |TAMS 0x0000000086a00000, 0x0000000086a00000| Untracked 
|  17|0x0000000086b00000, 0x0000000086b00000, 0x0000000086c00000|  0%| F|  |TAMS 0x0000000086b00000, 0x0000000086b00000| Untracked 
|  18|0x0000000086c00000, 0x0000000086c00000, 0x0000000086d00000|  0%| F|  |TAMS 0x0000000086c00000, 0x0000000086c00000| Untracked 
|  19|0x0000000086d00000, 0x0000000086d00000, 0x0000000086e00000|  0%| F|  |TAMS 0x0000000086d00000, 0x0000000086d00000| Untracked 
|  20|0x0000000086e00000, 0x0000000086e00000, 0x0000000086f00000|  0%| F|  |TAMS 0x0000000086e00000, 0x0000000086e00000| Untracked 
|  21|0x0000000086f00000, 0x0000000086f00000, 0x0000000087000000|  0%| F|  |TAMS 0x0000000086f00000, 0x0000000086f00000| Untracked 
|  22|0x0000000087000000, 0x0000000087000000, 0x0000000087100000|  0%| F|  |TAMS 0x0000000087000000, 0x0000000087000000| Untracked 
|  23|0x0000000087100000, 0x0000000087100000, 0x0000000087200000|  0%| F|  |TAMS 0x0000000087100000, 0x0000000087100000| Untracked 
|  24|0x0000000087200000, 0x0000000087200000, 0x0000000087300000|  0%| F|  |TAMS 0x0000000087200000, 0x0000000087200000| Untracked 
|  25|0x0000000087300000, 0x0000000087300000, 0x0000000087400000|  0%| F|  |TAMS 0x0000000087300000, 0x0000000087300000| Untracked 
|  26|0x0000000087400000, 0x0000000087400000, 0x0000000087500000|  0%| F|  |TAMS 0x0000000087400000, 0x0000000087400000| Untracked 
|  27|0x0000000087500000, 0x0000000087500000, 0x0000000087600000|  0%| F|  |TAMS 0x0000000087500000, 0x0000000087500000| Untracked 
|  28|0x0000000087600000, 0x0000000087600000, 0x0000000087700000|  0%| F|  |TAMS 0x0000000087600000, 0x0000000087600000| Untracked 
|  29|0x0000000087700000, 0x0000000087700000, 0x0000000087800000|  0%| F|  |TAMS 0x0000000087700000, 0x0000000087700000| Untracked 
|  30|0x0000000087800000, 0x0000000087800000, 0x0000000087900000|  0%| F|  |TAMS 0x0000000087800000, 0x0000000087800000| Untracked 
|  31|0x0000000087900000, 0x0000000087900000, 0x0000000087a00000|  0%| F|  |TAMS 0x0000000087900000, 0x0000000087900000| Untracked 
|  32|0x0000000087a00000, 0x0000000087a00000, 0x0000000087b00000|  0%| F|  |TAMS 0x0000000087a00000, 0x0000000087a00000| Untracked 
|  33|0x0000000087b00000, 0x0000000087b00000, 0x0000000087c00000|  0%| F|  |TAMS 0x0000000087b00000, 0x0000000087b00000| Untracked 
|  34|0x0000000087c00000, 0x0000000087c00000, 0x0000000087d00000|  0%| F|  |TAMS 0x0000000087c00000, 0x0000000087c00000| Untracked 
|  35|0x0000000087d00000, 0x0000000087d00000, 0x0000000087e00000|  0%| F|  |TAMS 0x0000000087d00000, 0x0000000087d00000| Untracked 
|  36|0x0000000087e00000, 0x0000000087e00000, 0x0000000087f00000|  0%| F|  |TAMS 0x0000000087e00000, 0x0000000087e00000| Untracked 
|  37|0x0000000087f00000, 0x0000000087f00000, 0x0000000088000000|  0%| F|  |TAMS 0x0000000087f00000, 0x0000000087f00000| Untracked 
|  38|0x0000000088000000, 0x0000000088000000, 0x0000000088100000|  0%| F|  |TAMS 0x0000000088000000, 0x0000000088000000| Untracked 
|  39|0x0000000088100000, 0x0000000088100000, 0x0000000088200000|  0%| F|  |TAMS 0x0000000088100000, 0x0000000088100000| Untracked 
|  40|0x0000000088200000, 0x0000000088200000, 0x0000000088300000|  0%| F|  |TAMS 0x0000000088200000, 0x0000000088200000| Untracked 
|  41|0x0000000088300000, 0x0000000088300000, 0x0000000088400000|  0%| F|  |TAMS 0x0000000088300000, 0x0000000088300000| Untracked 
|  42|0x0000000088400000, 0x0000000088400000, 0x0000000088500000|  0%| F|  |TAMS 0x0000000088400000, 0x0000000088400000| Untracked 
|  43|0x0000000088500000, 0x0000000088500000, 0x0000000088600000|  0%| F|  |TAMS 0x0000000088500000, 0x0000000088500000| Untracked 
|  44|0x0000000088600000, 0x0000000088600000, 0x0000000088700000|  0%| F|  |TAMS 0x0000000088600000, 0x0000000088600000| Untracked 
|  45|0x0000000088700000, 0x0000000088700000, 0x0000000088800000|  0%| F|  |TAMS 0x0000000088700000, 0x0000000088700000| Untracked 
|  46|0x0000000088800000, 0x0000000088800000, 0x0000000088900000|  0%| F|  |TAMS 0x0000000088800000, 0x0000000088800000| Untracked 
|  47|0x0000000088900000, 0x0000000088900000, 0x0000000088a00000|  0%| F|  |TAMS 0x0000000088900000, 0x0000000088900000| Untracked 
|  48|0x0000000088a00000, 0x0000000088a00000, 0x0000000088b00000|  0%| F|  |TAMS 0x0000000088a00000, 0x0000000088a00000| Untracked 
|  49|0x0000000088b00000, 0x0000000088b00000, 0x0000000088c00000|  0%| F|  |TAMS 0x0000000088b00000, 0x0000000088b00000| Untracked 
|  50|0x0000000088c00000, 0x0000000088c00000, 0x0000000088d00000|  0%| F|  |TAMS 0x0000000088c00000, 0x0000000088c00000| Untracked 
|  51|0x0000000088d00000, 0x0000000088d00000, 0x0000000088e00000|  0%| F|  |TAMS 0x0000000088d00000, 0x0000000088d00000| Untracked 
|  52|0x0000000088e00000, 0x0000000088e00000, 0x0000000088f00000|  0%| F|  |TAMS 0x0000000088e00000, 0x0000000088e00000| Untracked 
|  53|0x0000000088f00000, 0x0000000088f00000, 0x0000000089000000|  0%| F|  |TAMS 0x0000000088f00000, 0x0000000088f00000| Untracked 
|  54|0x0000000089000000, 0x0000000089000000, 0x0000000089100000|  0%| F|  |TAMS 0x0000000089000000, 0x0000000089000000| Untracked 
|  55|0x0000000089100000, 0x0000000089100000, 0x0000000089200000|  0%| F|  |TAMS 0x0000000089100000, 0x0000000089100000| Untracked 
|  56|0x0000000089200000, 0x0000000089200000, 0x0000000089300000|  0%| F|  |TAMS 0x0000000089200000, 0x0000000089200000| Untracked 
|  57|0x0000000089300000, 0x0000000089300000, 0x0000000089400000|  0%| F|  |TAMS 0x0000000089300000, 0x0000000089300000| Untracked 
|  58|0x0000000089400000, 0x0000000089400000, 0x0000000089500000|  0%| F|  |TAMS 0x0000000089400000, 0x0000000089400000| Untracked 
|  59|0x0000000089500000, 0x0000000089500000, 0x0000000089600000|  0%| F|  |TAMS 0x0000000089500000, 0x0000000089500000| Untracked 
|  60|0x0000000089600000, 0x0000000089600000, 0x0000000089700000|  0%| F|  |TAMS 0x0000000089600000, 0x0000000089600000| Untracked 
|  61|0x0000000089700000, 0x0000000089700000, 0x0000000089800000|  0%| F|  |TAMS 0x0000000089700000, 0x0000000089700000| Untracked 
|  62|0x0000000089800000, 0x0000000089800000, 0x0000000089900000|  0%| F|  |TAMS 0x0000000089800000, 0x0000000089800000| Untracked 
|  63|0x0000000089900000, 0x0000000089900000, 0x0000000089a00000|  0%| F|  |TAMS 0x0000000089900000, 0x0000000089900000| Untracked 
|  64|0x0000000089a00000, 0x0000000089a00000, 0x0000000089b00000|  0%| F|  |TAMS 0x0000000089a00000, 0x0000000089a00000| Untracked 
|  65|0x0000000089b00000, 0x0000000089b00000, 0x0000000089c00000|  0%| F|  |TAMS 0x0000000089b00000, 0x0000000089b00000| Untracked 
|  66|0x0000000089c00000, 0x0000000089c00000, 0x0000000089d00000|  0%| F|  |TAMS 0x0000000089c00000, 0x0000000089c00000| Untracked 
|  67|0x0000000089d00000, 0x0000000089d00000, 0x0000000089e00000|  0%| F|  |TAMS 0x0000000089d00000, 0x0000000089d00000| Untracked 
|  68|0x0000000089e00000, 0x0000000089e00000, 0x0000000089f00000|  0%| F|  |TAMS 0x0000000089e00000, 0x0000000089e00000| Untracked 
|  69|0x0000000089f00000, 0x0000000089f00000, 0x000000008a000000|  0%| F|  |TAMS 0x0000000089f00000, 0x0000000089f00000| Untracked 
|  70|0x000000008a000000, 0x000000008a000000, 0x000000008a100000|  0%| F|  |TAMS 0x000000008a000000, 0x000000008a000000| Untracked 
|  71|0x000000008a100000, 0x000000008a100000, 0x000000008a200000|  0%| F|  |TAMS 0x000000008a100000, 0x000000008a100000| Untracked 
|  72|0x000000008a200000, 0x000000008a200000, 0x000000008a300000|  0%| F|  |TAMS 0x000000008a200000, 0x000000008a200000| Untracked 
|  73|0x000000008a300000, 0x000000008a300000, 0x000000008a400000|  0%| F|  |TAMS 0x000000008a300000, 0x000000008a300000| Untracked 
|  74|0x000000008a400000, 0x000000008a400000, 0x000000008a500000|  0%| F|  |TAMS 0x000000008a400000, 0x000000008a400000| Untracked 
|  75|0x000000008a500000, 0x000000008a500000, 0x000000008a600000|  0%| F|  |TAMS 0x000000008a500000, 0x000000008a500000| Untracked 
|  76|0x000000008a600000, 0x000000008a600000, 0x000000008a700000|  0%| F|  |TAMS 0x000000008a600000, 0x000000008a600000| Untracked 
|  77|0x000000008a700000, 0x000000008a700000, 0x000000008a800000|  0%| F|  |TAMS 0x000000008a700000, 0x000000008a700000| Untracked 
|  78|0x000000008a800000, 0x000000008a800000, 0x000000008a900000|  0%| F|  |TAMS 0x000000008a800000, 0x000000008a800000| Untracked 
|  79|0x000000008a900000, 0x000000008a900000, 0x000000008aa00000|  0%| F|  |TAMS 0x000000008a900000, 0x000000008a900000| Untracked 
|  80|0x000000008aa00000, 0x000000008aa00000, 0x000000008ab00000|  0%| F|  |TAMS 0x000000008aa00000, 0x000000008aa00000| Untracked 
|  81|0x000000008ab00000, 0x000000008ab00000, 0x000000008ac00000|  0%| F|  |TAMS 0x000000008ab00000, 0x000000008ab00000| Untracked 
|  82|0x000000008ac00000, 0x000000008ac00000, 0x000000008ad00000|  0%| F|  |TAMS 0x000000008ac00000, 0x000000008ac00000| Untracked 
|  83|0x000000008ad00000, 0x000000008ad00000, 0x000000008ae00000|  0%| F|  |TAMS 0x000000008ad00000, 0x000000008ad00000| Untracked 
|  84|0x000000008ae00000, 0x000000008ae00000, 0x000000008af00000|  0%| F|  |TAMS 0x000000008ae00000, 0x000000008ae00000| Untracked 
|  85|0x000000008af00000, 0x000000008af00000, 0x000000008b000000|  0%| F|  |TAMS 0x000000008af00000, 0x000000008af00000| Untracked 
|  86|0x000000008b000000, 0x000000008b000000, 0x000000008b100000|  0%| F|  |TAMS 0x000000008b000000, 0x000000008b000000| Untracked 
|  87|0x000000008b100000, 0x000000008b100000, 0x000000008b200000|  0%| F|  |TAMS 0x000000008b100000, 0x000000008b100000| Untracked 
|  88|0x000000008b200000, 0x000000008b200000, 0x000000008b300000|  0%| F|  |TAMS 0x000000008b200000, 0x000000008b200000| Untracked 
|  89|0x000000008b300000, 0x000000008b300000, 0x000000008b400000|  0%| F|  |TAMS 0x000000008b300000, 0x000000008b300000| Untracked 
|  90|0x000000008b400000, 0x000000008b400000, 0x000000008b500000|  0%| F|  |TAMS 0x000000008b400000, 0x000000008b400000| Untracked 
|  91|0x000000008b500000, 0x000000008b500000, 0x000000008b600000|  0%| F|  |TAMS 0x000000008b500000, 0x000000008b500000| Untracked 
|  92|0x000000008b600000, 0x000000008b600000, 0x000000008b700000|  0%| F|  |TAMS 0x000000008b600000, 0x000000008b600000| Untracked 
|  93|0x000000008b700000, 0x000000008b700000, 0x000000008b800000|  0%| F|  |TAMS 0x000000008b700000, 0x000000008b700000| Untracked 
|  94|0x000000008b800000, 0x000000008b800000, 0x000000008b900000|  0%| F|  |TAMS 0x000000008b800000, 0x000000008b800000| Untracked 
|  95|0x000000008b900000, 0x000000008b900000, 0x000000008ba00000|  0%| F|  |TAMS 0x000000008b900000, 0x000000008b900000| Untracked 
|  96|0x000000008ba00000, 0x000000008ba00000, 0x000000008bb00000|  0%| F|  |TAMS 0x000000008ba00000, 0x000000008ba00000| Untracked 
|  97|0x000000008bb00000, 0x000000008bb00000, 0x000000008bc00000|  0%| F|  |TAMS 0x000000008bb00000, 0x000000008bb00000| Untracked 
|  98|0x000000008bc00000, 0x000000008bc00000, 0x000000008bd00000|  0%| F|  |TAMS 0x000000008bc00000, 0x000000008bc00000| Untracked 
|  99|0x000000008bd00000, 0x000000008bd00000, 0x000000008be00000|  0%| F|  |TAMS 0x000000008bd00000, 0x000000008bd00000| Untracked 
| 100|0x000000008be00000, 0x000000008be00000, 0x000000008bf00000|  0%| F|  |TAMS 0x000000008be00000, 0x000000008be00000| Untracked 
| 101|0x000000008bf00000, 0x000000008bf00000, 0x000000008c000000|  0%| F|  |TAMS 0x000000008bf00000, 0x000000008bf00000| Untracked 
| 102|0x000000008c000000, 0x000000008c000000, 0x000000008c100000|  0%| F|  |TAMS 0x000000008c000000, 0x000000008c000000| Untracked 
| 103|0x000000008c100000, 0x000000008c100000, 0x000000008c200000|  0%| F|  |TAMS 0x000000008c100000, 0x000000008c100000| Untracked 
| 104|0x000000008c200000, 0x000000008c200000, 0x000000008c300000|  0%| F|  |TAMS 0x000000008c200000, 0x000000008c200000| Untracked 
| 105|0x000000008c300000, 0x000000008c300000, 0x000000008c400000|  0%| F|  |TAMS 0x000000008c300000, 0x000000008c300000| Untracked 
| 106|0x000000008c400000, 0x000000008c400000, 0x000000008c500000|  0%| F|  |TAMS 0x000000008c400000, 0x000000008c400000| Untracked 
| 107|0x000000008c500000, 0x000000008c500000, 0x000000008c600000|  0%| F|  |TAMS 0x000000008c500000, 0x000000008c500000| Untracked 
| 108|0x000000008c600000, 0x000000008c600000, 0x000000008c700000|  0%| F|  |TAMS 0x000000008c600000, 0x000000008c600000| Untracked 
| 109|0x000000008c700000, 0x000000008c700000, 0x000000008c800000|  0%| F|  |TAMS 0x000000008c700000, 0x000000008c700000| Untracked 
| 110|0x000000008c800000, 0x000000008c800000, 0x000000008c900000|  0%| F|  |TAMS 0x000000008c800000, 0x000000008c800000| Untracked 
| 111|0x000000008c900000, 0x000000008c900000, 0x000000008ca00000|  0%| F|  |TAMS 0x000000008c900000, 0x000000008c900000| Untracked 
| 112|0x000000008ca00000, 0x000000008ca7b658, 0x000000008cb00000| 48%| E|  |TAMS 0x000000008ca00000, 0x000000008ca00000| Complete 
| 113|0x000000008cb00000, 0x000000008cc00000, 0x000000008cc00000|100%| E|CS|TAMS 0x000000008cb00000, 0x000000008cb00000| Complete 
| 114|0x000000008cc00000, 0x000000008cd00000, 0x000000008cd00000|100%| E|CS|TAMS 0x000000008cc00000, 0x000000008cc00000| Complete 
| 115|0x000000008cd00000, 0x000000008ce00000, 0x000000008ce00000|100%| E|CS|TAMS 0x000000008cd00000, 0x000000008cd00000| Complete 
| 116|0x000000008ce00000, 0x000000008cf00000, 0x000000008cf00000|100%| E|CS|TAMS 0x000000008ce00000, 0x000000008ce00000| Complete 
| 117|0x000000008cf00000, 0x000000008d000000, 0x000000008d000000|100%| E|CS|TAMS 0x000000008cf00000, 0x000000008cf00000| Complete 
| 118|0x000000008d000000, 0x000000008d100000, 0x000000008d100000|100%| E|CS|TAMS 0x000000008d000000, 0x000000008d000000| Complete 
| 119|0x000000008d100000, 0x000000008d200000, 0x000000008d200000|100%| E|CS|TAMS 0x000000008d100000, 0x000000008d100000| Complete 
| 120|0x000000008d200000, 0x000000008d300000, 0x000000008d300000|100%| E|CS|TAMS 0x000000008d200000, 0x000000008d200000| Complete 
| 121|0x000000008d300000, 0x000000008d400000, 0x000000008d400000|100%| E|CS|TAMS 0x000000008d300000, 0x000000008d300000| Complete 
| 122|0x000000008d400000, 0x000000008d500000, 0x000000008d500000|100%| E|CS|TAMS 0x000000008d400000, 0x000000008d400000| Complete 
| 123|0x000000008d500000, 0x000000008d600000, 0x000000008d600000|100%| E|CS|TAMS 0x000000008d500000, 0x000000008d500000| Complete 

Card table byte_map: [0x00000285fd5c0000,0x00000285fd9a0000] _byte_map_base: 0x00000285fd193000

Marking Bits (Prev, Next): (CMBitMap*) 0x00000285f3fff2d8, (CMBitMap*) 0x00000285f3fff310
 Prev Bits: [0x00000285fdd80000, 0x00000285ffc18000)
 Next Bits: [0x000002858f000000, 0x0000028590e98000)

Polling page: 0x00000285f27c0000

Metaspace:

Usage:
  Non-class:      9.59 MB capacity,     9.52 MB (>99%) used,    52.73 KB ( <1%) free+waste,    14.25 KB ( <1%) overhead. 
      Class:    836.00 KB capacity,   780.25 KB ( 93%) used,    49.25 KB (  6%) free+waste,     6.50 KB ( <1%) overhead. 
       Both:     10.41 MB capacity,    10.29 MB ( 99%) used,   101.98 KB ( <1%) free+waste,    20.75 KB ( <1%) overhead. 

Virtual space:
  Non-class space:       10.00 MB reserved,       9.75 MB ( 98%) committed 
      Class space:        1.00 GB reserved,     896.00 KB ( <1%) committed 
             Both:        1.01 GB reserved,      10.63 MB (  1%) committed 

Chunk freelists:
   Non-Class:  101.00 KB
       Class:  0 bytes
        Both:  101.00 KB

MaxMetaspaceSize: 17179869184.00 GB
CompressedClassSpaceSize: 1.00 GB
Initial GC threshold: 20.80 MB
Current GC threshold: 20.80 MB
CDS: off

CodeHeap 'non-profiled nmethods': size=120000Kb used=238Kb max_used=238Kb free=119761Kb
 bounds [0x0000028587ad0000, 0x0000028587d40000, 0x000002858f000000]
CodeHeap 'profiled nmethods': size=120000Kb used=1123Kb max_used=1123Kb free=118876Kb
 bounds [0x00000285805a0000, 0x0000028580810000, 0x0000028587ad0000]
CodeHeap 'non-nmethods': size=5760Kb used=1646Kb max_used=1659Kb free=4113Kb
 bounds [0x0000028580000000, 0x0000028580270000, 0x00000285805a0000]
 total_blobs=1820 nmethods=770 adapters=963
 compilation: enabled
              stopped_count=0, restarted_count=0
 full_count=0

Compilation events (20 events):
Event: 1.146 Thread 0x0000028593e72800  761       3       jdk.internal.loader.BuiltinClassLoader::hasClassPath (13 bytes)
Event: 1.146 Thread 0x0000028593e72800 nmethod 761 0x00000285806b4410 code [0x00000285806b45c0, 0x00000285806b4718]
Event: 1.147 Thread 0x0000028593e72800  762       3       sun.nio.ch.FileChannelImpl::beginBlocking (12 bytes)
Event: 1.147 Thread 0x0000028593e72800 nmethod 762 0x00000285806b4790 code [0x00000285806b4940, 0x00000285806b4aa8]
Event: 1.147 Thread 0x0000028593e72800  763       3       sun.nio.ch.FileChannelImpl::endBlocking (13 bytes)
Event: 1.148 Thread 0x0000028593e72800 nmethod 763 0x00000285806b4b90 code [0x00000285806b4d40, 0x00000285806b4ea8]
Event: 1.148 Thread 0x0000028593e72800  764       3       sun.nio.ch.Util::getTemporaryDirectBuffer (55 bytes)
Event: 1.149 Thread 0x0000028593e72800 nmethod 764 0x00000285806b4f90 code [0x00000285806b5200, 0x00000285806b5be8]
Event: 1.149 Thread 0x0000028593e72800  765       3       sun.nio.ch.Util$BufferCache::get (164 bytes)
Event: 1.150 Thread 0x0000028593e72800 nmethod 765 0x00000285806b5f10 code [0x00000285806b6140, 0x00000285806b6ad8]
Event: 1.150 Thread 0x0000028593e72800  766       3       java.nio.MappedByteBuffer::flip (5 bytes)
Event: 1.150 Thread 0x0000028593e72800 nmethod 766 0x00000285806b6e10 code [0x00000285806b6fe0, 0x00000285806b7218]
Event: 1.150 Thread 0x0000028593e72800  767       3       java.nio.MappedByteBuffer::flip (7 bytes)
Event: 1.150 Thread 0x0000028593e72800 nmethod 767 0x00000285806b7310 code [0x00000285806b74c0, 0x00000285806b7698]
Event: 1.150 Thread 0x0000028593e72800  768       3       sun.nio.ch.Util::offerFirstTemporaryDirectBuffer (53 bytes)
Event: 1.151 Thread 0x0000028593e72800 nmethod 768 0x00000285806b7790 code [0x00000285806b7a00, 0x00000285806b8378]
Event: 1.151 Thread 0x0000028593e72800  769       3       sun.nio.ch.Util::isBufferTooLarge (8 bytes)
Event: 1.151 Thread 0x0000028593e72800 nmethod 769 0x00000285806b8690 code [0x00000285806b8840, 0x00000285806b89f8]
Event: 1.151 Thread 0x0000028593e72800  770       3       sun.nio.ch.IOStatus::normalize (10 bytes)
Event: 1.151 Thread 0x0000028593e72800 nmethod 770 0x00000285806b8b10 code [0x00000285806b8cc0, 0x00000285806b8df8]

GC Heap History (0 events):
No events

Deoptimization events (20 events):
Event: 0.342 Thread 0x00000285f3fbd000 DEOPT PACKING pc=0x00000285805ffc38 sp=0x000000f5777fbc60
Event: 0.342 Thread 0x00000285f3fbd000 DEOPT UNPACKING pc=0x0000028580049d0e sp=0x000000f5777fb0b8 mode 0
Event: 0.357 Thread 0x00000285f3fbd000 DEOPT PACKING pc=0x00000285806024a2 sp=0x000000f5777fc780
Event: 0.357 Thread 0x00000285f3fbd000 DEOPT UNPACKING pc=0x0000028580049d0e sp=0x000000f5777fbbe8 mode 0
Event: 0.427 Thread 0x00000285f3fbd000 Uncommon trap: trap_request=0xffffff4d fr.pc=0x0000028587adb980 relative=0x0000000000000060
Event: 0.427 Thread 0x00000285f3fbd000 Uncommon trap: reason=unstable_if action=reinterpret pc=0x0000028587adb980 method=java.io.WinNTFileSystem.isSlash(C)Z @ 9 c2
Event: 0.427 Thread 0x00000285f3fbd000 DEOPT PACKING pc=0x0000028587adb980 sp=0x000000f5777fc730
Event: 0.427 Thread 0x00000285f3fbd000 DEOPT UNPACKING pc=0x00000285800085af sp=0x000000f5777fc6b8 mode 2
Event: 0.505 Thread 0x00000285f3fbd000 DEOPT PACKING pc=0x00000285805d4554 sp=0x000000f5777fe780
Event: 0.505 Thread 0x00000285f3fbd000 DEOPT UNPACKING pc=0x0000028580049d0e sp=0x000000f5777fdc18 mode 0
Event: 0.912 Thread 0x00000285f3fbd000 Uncommon trap: trap_request=0xffffff5c fr.pc=0x0000028587b06600 relative=0x0000000000000060
Event: 0.912 Thread 0x00000285f3fbd000 Uncommon trap: reason=speculate_null_assert action=make_not_entrant pc=0x0000028587b06600 method=sun.misc.Unsafe.putLong(Ljava/lang/Object;JJ)V @ 7 c2
Event: 0.913 Thread 0x00000285f3fbd000 DEOPT PACKING pc=0x0000028587b06600 sp=0x000000f5777fef10
Event: 0.913 Thread 0x00000285f3fbd000 DEOPT UNPACKING pc=0x00000285800085af sp=0x000000f5777fee88 mode 2
Event: 0.973 Thread 0x00000285f3fbd000 DEOPT PACKING pc=0x00000285805dd17f sp=0x000000f5777fc780
Event: 0.973 Thread 0x00000285f3fbd000 DEOPT UNPACKING pc=0x0000028580049d0e sp=0x000000f5777fbbd0 mode 0
Event: 1.034 Thread 0x00000285f3fbd000 Uncommon trap: trap_request=0xffffff5c fr.pc=0x0000028587b076f8 relative=0x0000000000000058
Event: 1.034 Thread 0x00000285f3fbd000 Uncommon trap: reason=speculate_null_assert action=make_not_entrant pc=0x0000028587b076f8 method=sun.misc.Unsafe.getLong(Ljava/lang/Object;J)J @ 5 c2
Event: 1.034 Thread 0x00000285f3fbd000 DEOPT PACKING pc=0x0000028587b076f8 sp=0x000000f5777ff180
Event: 1.034 Thread 0x00000285f3fbd000 DEOPT UNPACKING pc=0x00000285800085af sp=0x000000f5777ff108 mode 2

Classes redefined (0 events):
No events

Internal exceptions (20 events):
Event: 0.496 Thread 0x00000285f3fbd000 Exception <a 'java/lang/NoSuchMethodError'{0x000000008d094a90}: 'int java.lang.invoke.DirectMethodHandle$Holder.invokeStaticInit(java.lang.Object, java.lang.Object, int, long)'> (0x000000008d094a90) thrown at [./src/hotspot/share/interpreter/linkResolver.cpp, line 773]
Event: 0.496 Thread 0x00000285f3fbd000 Exception <a 'java/lang/NoSuchMethodError'{0x000000008d099c38}: 'java.lang.Object java.lang.invoke.Invokers$Holder.linkToTargetMethod(java.lang.Object, int, java.lang.Object)'> (0x000000008d099c38) thrown at [./src/hotspot/share/interpreter/linkResolver.cpp, line 773]
Event: 0.498 Thread 0x00000285f3fbd000 Exception <a 'java/lang/NoSuchMethodError'{0x000000008d0abf50}: 'int java.lang.invoke.DirectMethodHandle$Holder.invokeStaticInit(java.lang.Object, java.lang.Object, long, long)'> (0x000000008d0abf50) thrown at [./src/hotspot/share/interpreter/linkResolver.cpp, line 773]
Event: 0.498 Thread 0x00000285f3fbd000 Exception <a 'java/lang/NoSuchMethodError'{0x000000008d0b76b0}: 'java.lang.Object java.lang.invoke.Invokers$Holder.linkToTargetMethod(java.lang.Object, long, java.lang.Object)'> (0x000000008d0b76b0) thrown at [./src/hotspot/share/interpreter/linkResolver.cpp, line 773]
Event: 0.500 Thread 0x00000285f3fbd000 Exception <a 'java/lang/NoSuchMethodError'{0x000000008d0bd8a0}: 'int java.lang.invoke.DirectMethodHandle$Holder.invokeStaticInit(java.lang.Object, java.lang.Object, java.lang.Object, long)'> (0x000000008d0bd8a0) thrown at [./src/hotspot/share/interpreter/linkResolver.cpp, line 773]
Event: 0.530 Thread 0x00000285f3fbd000 Exception <a 'sun/nio/fs/WindowsException'{0x000000008cfe55c8}> (0x000000008cfe55c8) thrown at [./src/hotspot/share/prims/jni.cpp, line 617]
Event: 0.530 Thread 0x00000285f3fbd000 Exception <a 'sun/nio/fs/WindowsException'{0x000000008cfe5928}> (0x000000008cfe5928) thrown at [./src/hotspot/share/prims/jni.cpp, line 617]
Event: 0.786 Thread 0x00000285f3fbd000 Exception <a 'java/lang/NoSuchMethodError'{0x000000008ce5b730}: 'void java.lang.invoke.DirectMethodHandle$Holder.invokeStaticInit(java.lang.Object, long, double, double)'> (0x000000008ce5b730) thrown at [./src/hotspot/share/interpreter/linkResolver.cpp, line 773]
Event: 0.789 Thread 0x00000285f3fbd000 Exception <a 'java/lang/NoSuchMethodError'{0x000000008ce6e6d0}: 'void java.lang.invoke.DirectMethodHandle$Holder.invokeStaticInit(java.lang.Object, long, int, int, int)'> (0x000000008ce6e6d0) thrown at [./src/hotspot/share/interpreter/linkResolver.cpp, line 773]
Event: 0.794 Thread 0x00000285f3fbd000 Exception <a 'java/lang/NoSuchMethodError'{0x000000008ce8fa88}: 'void java.lang.invoke.DirectMethodHandle$Holder.invokeStaticInit(java.lang.Object, long, int, int, int, int)'> (0x000000008ce8fa88) thrown at [./src/hotspot/share/interpreter/linkResolver.cpp, line 773]
Event: 0.842 Thread 0x00000285f3fbd000 Exception <a 'sun/nio/fs/WindowsException'{0x000000008cedd2a8}> (0x000000008cedd2a8) thrown at [./src/hotspot/share/prims/jni.cpp, line 617]
Event: 0.842 Thread 0x00000285f3fbd000 Exception <a 'sun/nio/fs/WindowsException'{0x000000008cedd648}> (0x000000008cedd648) thrown at [./src/hotspot/share/prims/jni.cpp, line 617]
Event: 0.853 Thread 0x00000285f3fbd000 Exception <a 'sun/nio/fs/WindowsException'{0x000000008cefecd0}> (0x000000008cefecd0) thrown at [./src/hotspot/share/prims/jni.cpp, line 617]
Event: 0.853 Thread 0x00000285f3fbd000 Exception <a 'sun/nio/fs/WindowsException'{0x000000008cefefa0}> (0x000000008cefefa0) thrown at [./src/hotspot/share/prims/jni.cpp, line 617]
Event: 1.117 Thread 0x00000285f3fbd000 Exception <a 'sun/nio/fs/WindowsException'{0x000000008ca2fd28}> (0x000000008ca2fd28) thrown at [./src/hotspot/share/prims/jni.cpp, line 617]
Event: 1.117 Thread 0x00000285f3fbd000 Exception <a 'sun/nio/fs/WindowsException'{0x000000008ca30008}> (0x000000008ca30008) thrown at [./src/hotspot/share/prims/jni.cpp, line 617]
Event: 1.118 Thread 0x00000285f3fbd000 Exception <a 'sun/nio/fs/WindowsException'{0x000000008ca30b60}> (0x000000008ca30b60) thrown at [./src/hotspot/share/prims/jni.cpp, line 617]
Event: 1.120 Thread 0x00000285f3fbd000 Exception <a 'sun/nio/fs/WindowsException'{0x000000008ca38560}> (0x000000008ca38560) thrown at [./src/hotspot/share/prims/jni.cpp, line 617]
Event: 1.138 Thread 0x00000285f3fbd000 Exception <a 'sun/nio/fs/WindowsException'{0x000000008ca3b3b8}> (0x000000008ca3b3b8) thrown at [./src/hotspot/share/prims/jni.cpp, line 617]
Event: 1.138 Thread 0x00000285f3fbd000 Exception <a 'sun/nio/fs/WindowsException'{0x000000008ca3b738}> (0x000000008ca3b738) thrown at [./src/hotspot/share/prims/jni.cpp, line 617]

Events (20 events):
Event: 1.022 loading class org/lwjgl/opengl/GL12C done
Event: 1.022 loading class org/lwjgl/opengl/GL11C
Event: 1.022 loading class org/lwjgl/opengl/GL11C done
Event: 1.025 loading class org/lwjgl/system/APIUtil$Encoder
Event: 1.025 loading class org/lwjgl/system/APIUtil$Encoder done
Event: 1.025 loading class org/lwjgl/system/APIUtil$Encoder
Event: 1.025 loading class org/lwjgl/system/APIUtil$Encoder done
Event: 1.033 loading class org/lwjgl/system/libc/LibCString
Event: 1.033 loading class org/lwjgl/system/libc/LibCString done
Event: 1.105 loading class renderer/texture
Event: 1.105 loading class renderer/texture done
Event: 1.109 loading class org/lwjgl/stb/STBImage
Event: 1.109 loading class org/lwjgl/stb/STBImage done
Event: 1.113 loading class org/lwjgl/stb/LibSTB
Event: 1.113 loading class org/lwjgl/stb/LibSTB done
Event: 1.118 loading class java/nio/file/FileAlreadyExistsException
Event: 1.118 loading class java/nio/file/FileAlreadyExistsException done
Event: 1.120 loading class java/nio/file/StandardCopyOption
Event: 1.120 loading class java/nio/file/StandardCopyOption done
Event: 1.144 Loaded shared library C:\Users\parij\AppData\Local\Temp\lwjgl_parij\3.3.6+1\x64\lwjgl_stb.dll


Dynamic libraries:
0x00007ff68a110000 - 0x00007ff68a11d000 	C:\Program Files\Microsoft\jdk-11.0.16.101-hotspot\bin\java.exe
0x00007ffb7a860000 - 0x00007ffb7aac3000 	C:\WINDOWS\SYSTEM32\ntdll.dll
0x00007ffb789d0000 - 0x00007ffb78a97000 	C:\WINDOWS\System32\KERNEL32.DLL
0x00007ffb78210000 - 0x00007ffb785d7000 	C:\WINDOWS\System32\KERNELBASE.dll
0x00007ffb77cd0000 - 0x00007ffb77e1c000 	C:\WINDOWS\System32\ucrtbase.dll
0x00007ffb6a390000 - 0x00007ffb6a3a5000 	C:\Program Files\Microsoft\jdk-11.0.16.101-hotspot\bin\VCRUNTIME140.dll
0x00007ffb54590000 - 0x00007ffb545a7000 	C:\Program Files\Microsoft\jdk-11.0.16.101-hotspot\bin\jli.dll
0x00007ffb79a30000 - 0x00007ffb79bf9000 	C:\WINDOWS\System32\USER32.dll
0x00007ffb77ca0000 - 0x00007ffb77cc7000 	C:\WINDOWS\System32\win32u.dll
0x00007ffb55780000 - 0x00007ffb55a10000 	C:\WINDOWS\WinSxS\amd64_microsoft.windows.common-controls_6595b64144ccf1df_6.0.26100.3037_none_3e09262ce333c378\COMCTL32.dll
0x00007ffb786a0000 - 0x00007ffb786ca000 	C:\WINDOWS\System32\GDI32.dll
0x00007ffb7a590000 - 0x00007ffb7a639000 	C:\WINDOWS\System32\msvcrt.dll
0x00007ffb780e0000 - 0x00007ffb7820b000 	C:\WINDOWS\System32\gdi32full.dll
0x00007ffb78030000 - 0x00007ffb780d3000 	C:\WINDOWS\System32\msvcp_win.dll
0x00007ffb79140000 - 0x00007ffb7916f000 	C:\WINDOWS\System32\IMM32.DLL
0x00007ffb48160000 - 0x00007ffb481fb000 	C:\Program Files\Microsoft\jdk-11.0.16.101-hotspot\bin\msvcp140.dll
0x00007ffb245b0000 - 0x00007ffb2513a000 	C:\Program Files\Microsoft\jdk-11.0.16.101-hotspot\bin\server\jvm.dll
0x00007ffb79d10000 - 0x00007ffb79dc4000 	C:\WINDOWS\System32\ADVAPI32.dll
0x00007ffb78c00000 - 0x00007ffb78ca6000 	C:\WINDOWS\System32\sechost.dll
0x00007ffb79dd0000 - 0x00007ffb79ee6000 	C:\WINDOWS\System32\RPCRT4.dll
0x00007ffb786d0000 - 0x00007ffb786d8000 	C:\WINDOWS\System32\PSAPI.DLL
0x00007ffb73e90000 - 0x00007ffb73e9a000 	C:\WINDOWS\SYSTEM32\WSOCK32.dll
0x00007ffb6dae0000 - 0x00007ffb6daeb000 	C:\WINDOWS\SYSTEM32\VERSION.dll
0x00007ffb5dc10000 - 0x00007ffb5dc46000 	C:\WINDOWS\SYSTEM32\WINMM.dll
0x00007ffb78820000 - 0x00007ffb78894000 	C:\WINDOWS\System32\WS2_32.dll
0x00007ffb76ae0000 - 0x00007ffb76afa000 	C:\WINDOWS\SYSTEM32\kernel.appcore.dll
0x00007ffb70370000 - 0x00007ffb70380000 	C:\Program Files\Microsoft\jdk-11.0.16.101-hotspot\bin\verify.dll
0x00007ffb71250000 - 0x00007ffb71491000 	C:\WINDOWS\SYSTEM32\DBGHELP.DLL
0x00007ffb7a200000 - 0x00007ffb7a57e000 	C:\WINDOWS\System32\combase.dll
0x00007ffb78740000 - 0x00007ffb78816000 	C:\WINDOWS\System32\OLEAUT32.dll
0x00007ffb59350000 - 0x00007ffb59389000 	C:\WINDOWS\SYSTEM32\dbgcore.DLL
0x00007ffb77c00000 - 0x00007ffb77c99000 	C:\WINDOWS\System32\bcryptPrimitives.dll
0x00007ffb52820000 - 0x00007ffb52848000 	C:\Program Files\Microsoft\jdk-11.0.16.101-hotspot\bin\java.dll
0x00007ffb597d0000 - 0x00007ffb597da000 	C:\Program Files\Microsoft\jdk-11.0.16.101-hotspot\bin\jimage.dll
0x00007ffb52800000 - 0x00007ffb52818000 	C:\Program Files\Microsoft\jdk-11.0.16.101-hotspot\bin\zip.dll
0x00007ffb79180000 - 0x00007ffb79884000 	C:\WINDOWS\System32\SHELL32.dll
0x00007ffb75920000 - 0x00007ffb76157000 	C:\WINDOWS\SYSTEM32\windows.storage.dll
0x00007ffb78af0000 - 0x00007ffb78bd9000 	C:\WINDOWS\System32\SHCORE.dll
0x00007ffb786e0000 - 0x00007ffb7873d000 	C:\WINDOWS\System32\shlwapi.dll
0x00007ffb77b10000 - 0x00007ffb77b3e000 	C:\WINDOWS\SYSTEM32\profapi.dll
0x00007ffb52760000 - 0x00007ffb52779000 	C:\Program Files\Microsoft\jdk-11.0.16.101-hotspot\bin\net.dll
0x00007ffb74110000 - 0x00007ffb7422e000 	C:\WINDOWS\SYSTEM32\WINHTTP.dll
0x00007ffb77050000 - 0x00007ffb770b8000 	C:\WINDOWS\system32\mswsock.dll
0x00007ffb4f5c0000 - 0x00007ffb4f5d3000 	C:\Program Files\Microsoft\jdk-11.0.16.101-hotspot\bin\nio.dll
0x00007ffb3de70000 - 0x00007ffb3deee000 	C:\Users\parij\AppData\Local\Temp\lwjgl_parij\3.3.6+1\x64\lwjgl.dll
0x00007ffb3a750000 - 0x00007ffb3a7d9000 	C:\Users\parij\AppData\Local\Temp\lwjgl_parij\3.3.6+1\x64\glfw.dll
0x00007ffb3ed50000 - 0x00007ffb3ed9b000 	C:\WINDOWS\SYSTEM32\dinput8.dll
0x00007ffb51c60000 - 0x00007ffb51e3e000 	C:\WINDOWS\SYSTEM32\inputhost.dll
0x00007ffb72ba0000 - 0x00007ffb72cc5000 	C:\WINDOWS\SYSTEM32\CoreMessaging.dll
0x00007ffb6a540000 - 0x00007ffb6a552000 	C:\WINDOWS\SYSTEM32\xinput1_4.dll
0x00007ffb77890000 - 0x00007ffb778ef000 	C:\WINDOWS\SYSTEM32\cfgmgr32.dll
0x00007ffb77860000 - 0x00007ffb7788d000 	C:\WINDOWS\SYSTEM32\DEVOBJ.dll
0x00007ffb75260000 - 0x00007ffb7528e000 	C:\WINDOWS\SYSTEM32\dwmapi.dll
0x00007ffb74e90000 - 0x00007ffb74f3d000 	C:\WINDOWS\system32\uxtheme.dll
0x00007ffb77310000 - 0x00007ffb7731c000 	C:\WINDOWS\SYSTEM32\CRYPTBASE.DLL
0x00007ffb7a040000 - 0x00007ffb7a19c000 	C:\WINDOWS\System32\MSCTF.dll
0x00007ffb47e90000 - 0x00007ffb47f9c000 	C:\WINDOWS\SYSTEM32\opengl32.dll
0x00007ffb59a90000 - 0x00007ffb59abd000 	C:\WINDOWS\SYSTEM32\GLU32.dll
0x00007ffb750c0000 - 0x00007ffb75107000 	C:\WINDOWS\SYSTEM32\dxcore.dll
0x00007ffb75060000 - 0x00007ffb750bc000 	C:\WINDOWS\SYSTEM32\directxdatabasehelper.dll
0x00007ffb5dec0000 - 0x00007ffb5deda000 	C:\WINDOWS\SYSTEM32\windows.staterepositorycore.dll
0x00007ffaf2a40000 - 0x00007ffaf3a23000 	C:\Windows\System32\DriverStore\FileRepository\iigd_dch.inf_amd64_9982160a24b56bf6\igxelpicd64.dll
0x00007ffb79890000 - 0x00007ffb79a25000 	C:\WINDOWS\System32\ole32.dll
0x00007ffb75110000 - 0x00007ffb7523c000 	C:\WINDOWS\system32\dxgi.dll
0x00007ffb18200000 - 0x00007ffb1860d000 	C:\Windows\System32\DriverStore\FileRepository\iigd_dch.inf_amd64_9982160a24b56bf6\igdml64.dll
0x00007ffb6db80000 - 0x00007ffb6df45000 	C:\Windows\System32\DriverStore\FileRepository\iigd_dch.inf_amd64_9982160a24b56bf6\igdgmm64.dll
0x00007ffb6a560000 - 0x00007ffb6da23000 	C:\Windows\System32\DriverStore\FileRepository\iigd_dch.inf_amd64_9982160a24b56bf6\igc64.dll
0x00007ffb76b00000 - 0x00007ffb76b4e000 	C:\WINDOWS\SYSTEM32\powrprof.dll
0x00007ffb76ac0000 - 0x00007ffb76ad4000 	C:\WINDOWS\SYSTEM32\UMPDC.dll
0x00007ffb59ac0000 - 0x00007ffb59c06000 	C:\WINDOWS\SYSTEM32\textinputframework.dll
0x00007ffb707b0000 - 0x00007ffb70a93000 	C:\WINDOWS\SYSTEM32\CoreUIComponents.dll
0x00007ffb70640000 - 0x00007ffb707a8000 	C:\WINDOWS\SYSTEM32\wintypes.dll
0x00007ffb357f0000 - 0x00007ffb3584d000 	C:\Users\parij\AppData\Local\Temp\lwjgl_parij\3.3.6+1\x64\lwjgl_opengl.dll
0x00007ffb349b0000 - 0x00007ffb34a49000 	C:\Users\parij\AppData\Local\Temp\lwjgl_parij\3.3.6+1\x64\lwjgl_stb.dll

dbghelp: loaded successfully - version: 4.0.5 - missing functions: none
symbol engine: initialized successfully - sym options: 0x614 - pdb path: .;C:\Program Files\Microsoft\jdk-11.0.16.101-hotspot\bin;C:\WINDOWS\SYSTEM32;C:\WINDOWS\WinSxS\amd64_microsoft.windows.common-controls_6595b64144ccf1df_6.0.26100.3037_none_3e09262ce333c378;C:\Program Files\Microsoft\jdk-11.0.16.101-hotspot\bin\server;C:\Users\parij\AppData\Local\Temp\lwjgl_parij\3.3.6+1\x64;C:\Windows\System32\DriverStore\FileRepository\iigd_dch.inf_amd64_9982160a24b56bf6

VM Arguments:
jvm_args: -Dfile.encoding=UTF-8 -Duser.country=US -Duser.language=en -Duser.variant -ea 
java_command: Main
java_class_path (initial): C:\Users\parij\Downloads\Java_Game_Engine\GameEngine\build\classes\java\main;C:\Users\parij\Downloads\Java_Game_Engine\GameEngine\build\resources\main;C:\Users\parij\.gradle\caches\modules-2\files-2.1\org.lwjgl\lwjgl-assimp\3.3.6\931a8de55dd5ee546689119c85ed4d4af7fa68f2\lwjgl-assimp-3.3.6.jar;C:\Users\parij\.gradle\caches\modules-2\files-2.1\org.lwjgl\lwjgl-assimp\3.3.6\486fa1e2db9fc903a0cab984604cef1a895b0e28\lwjgl-assimp-3.3.6-natives-windows.jar;C:\Users\parij\.gradle\caches\modules-2\files-2.1\org.lwjgl\lwjgl-glfw\3.3.6\7119f7d0eeb1e5502ff0ca71d2b4d47317da015\lwjgl-glfw-3.3.6.jar;C:\Users\parij\.gradle\caches\modules-2\files-2.1\org.lwjgl\lwjgl-glfw\3.3.6\99ef08056feb9627f90425a4d2a22cd9fae8e39b\lwjgl-glfw-3.3.6-natives-windows.jar;C:\Users\parij\.gradle\caches\modules-2\files-2.1\org.lwjgl\lwjgl-nfd\3.3.6\e8059ffaf90c86b061fd89ddf3092979581ec72b\lwjgl-nfd-3.3.6.jar;C:\Users\parij\.gradle\caches\modules-2\files-2.1\org.lwjgl\lwjgl-nfd\3.3.6\749514157757f81256cf28c029fc3ec0dabe9135\lwjgl-nfd-3.3.6-natives-windows.jar;C:\Users\parij\.gradle\caches\modules-2\files-2.1\org.lwjgl\lwjgl-openal\3.3.6\ad313317ff399fd2a7f4dd74716a68cf3976c6ad\lwjgl-openal-3.3.6.jar;C:\Users\parij\.gradle\caches\modules-2\files-2.1\org.lwjgl\lwjgl-openal\3.3.6\9c2b9b660e085bb0b47a4453dc0e26f24a5475e4\lwjgl-openal-3.3.6-natives-windows.jar;C:\Users\parij\.gradle\caches\modules-2\files-2.1\org.lwjgl\lwjgl-opengl\3.3.6\ac2532612a4df374e9a9282bcf8ce2573018ebbb\lwjgl-opengl-3.3.6.jar;C:\Users\parij\.gradle\caches\modules-2\files-2.1\org.lwjgl\lwjgl-opengl\3.3.6\18dc639ebc94aa5202c2157f7490d28997b697c5\lwjgl-opengl-3.3.6-natives-windows.jar;C:\Users\parij\.gradle\caches\modules-2\files-2.1\org.lwjgl\lwjgl-stb\3.3.6\e2d3739dcfe7b672b626ded66d94f6587083306e\lwjgl-stb-3.3.6.jar;C:\Users\parij\.gradle\caches\modules-2\files-2.1\org.lwjgl\lwjgl-stb\3.3.6\334cf885b39e2db9070c39e70e65efb136435f10\lwjgl-stb-3.3.6-natives-windows.jar;C:\Users\parij\.gradle\caches\modules-2\f
Launcher Type: SUN_STANDARD

[Global flags]
     intx CICompilerCount                          = 4                                         {product} {ergonomic}
     uint ConcGCThreads                            = 2                                         {product} {ergonomic}
     uint G1ConcRefinementThreads                  = 8                                         {product} {ergonomic}
   size_t G1HeapRegionSize                         = 1048576                                   {product} {ergonomic}
    uintx GCDrainStackTargetSize                   = 64                                        {product} {ergonomic}
   size_t InitialHeapSize                          = 130023424                                 {product} {ergonomic}
   size_t MarkStackSize                            = 4194304                                   {product} {ergonomic}
   size_t MaxHeapSize                              = 2053111808                                {product} {ergonomic}
   size_t MaxNewSize                               = 1231028224                                {product} {ergonomic}
   size_t MinHeapDeltaBytes                        = 1048576                                   {product} {ergonomic}
    uintx NonNMethodCodeHeapSize                   = 5836300                                {pd product} {ergonomic}
    uintx NonProfiledCodeHeapSize                  = 122910970                              {pd product} {ergonomic}
    uintx ProfiledCodeHeapSize                     = 122910970                              {pd product} {ergonomic}
    uintx ReservedCodeCacheSize                    = 251658240                              {pd product} {ergonomic}
     bool SegmentedCodeCache                       = true                                      {product} {ergonomic}
     bool UseCompressedClassPointers               = true                                 {lp64_product} {ergonomic}
     bool UseCompressedOops                        = true                                 {lp64_product} {ergonomic}
     bool UseG1GC                                  = true                                      {product} {ergonomic}
     bool UseLargePagesIndividualAllocation        = false                                  {pd product} {ergonomic}

Logging:
Log output configuration:
 #0: stdout all=warning uptime,level,tags
 #1: stderr all=off uptime,level,tags

Environment Variables:
PATH=C:\Program Files (x86)\Common Files\Oracle\Java\javapath;C:\Program Files\Microsoft\jdk-11.0.16.101-hotspot\bin;C:\WINDOWS\system32;C:\WINDOWS;C:\WINDOWS\System32\Wbem;C:\WINDOWS\System32\WindowsPowerShell\v1.0\;C:\WINDOWS\System32\OpenSSH\;C:\Program Files\Microsoft SQL Server\150\Tools\Binn\;C:\Program Files\Microsoft SQL Server\Client SDK\ODBC\170\Tools\Binn\;C:\Program Files\HP\HP One Agent;C:\WINDOWS\system32;C:\WINDOWS;C:\WINDOWS\System32\Wbem;C:\WINDOWS\System32\WindowsPowerShell\v1.0\;C:\WINDOWS\System32\OpenSSH\;C:\Program Files\Git\cmd;C:\Program Files\dotnet\;C:\Users\parij\AppData\Local\Programs\Python\Python311\Scripts\;C:\Users\parij\AppData\Local\Programs\Python\Python311\;C:\Users\parij\AppData\Local\Programs\Python\Launcher\;C:\Users\parij\AppData\Local\Microsoft\WindowsApps;C:\Users\parij\AppData\Local\GitHubDesktop\bin;;C:\Program Files\JetBrains\IntelliJ IDEA Community Edition 2024.3.2.1\bin;;C:\Users\parij\.dotnet\tools
USERNAME=parij
OS=Windows_NT
PROCESSOR_IDENTIFIER=Intel64 Family 6 Model 140 Stepping 1, GenuineIntel
TMP=C:\Users\parij\AppData\Local\Temp
TEMP=C:\Users\parij\AppData\Local\Temp



---------------  S Y S T E M  ---------------

OS: Windows 11 , 64 bit Build 26100 (10.0.26100.3037)
OS uptime: 5 days 17:30 hours

CPU:total 8 (initial active 8) (4 cores per cpu, 2 threads per core) family 6 model 140 stepping 1 microcode 0xb6, cmov, cx8, fxsr, mmx, sse, sse2, sse3, ssse3, sse4.1, sse4.2, popcnt, avx, avx2, aes, clmul, erms, 3dnowpref, lzcnt, ht, tsc, tscinvbit, bmi1, bmi2, adx, evex, sha, fma

Memory: 4k page, system-wide physical 7831M (1129M free)
TotalPageFile size 15774M (AvailPageFile size 4491M)
current process WorkingSet (physical memory assigned to process): 153M, peak: 153M
current process commit charge ("private bytes"): 257M, peak: 257M

vm_info: OpenJDK 64-Bit Server VM (11.0.16.1+1-LTS) for windows-amd64 JRE (11.0.16.1+1-LTS), built on Aug 20 2022 20:09:04 by "" with MS VC++ 15.9 (VS2017)

END.
